<?xml version="1.0" encoding="UTF-8"?>
<testsuite xmlns:xsi="http://www.w3.org/2001/XMLSchema-instance" xsi:noNamespaceSchemaLocation="https://maven.apache.org/surefire/maven-surefire-plugin/xsd/surefire-test-report-3.0.xsd" version="3.0" name="com.muqian.leetcode.tree.BinaryTreeProblemsTest" time="0.143" tests="17" errors="0" skipped="0" failures="0">
  <properties>
[...]
</properties>
  <testcase name="testInvertTreeRecursive" classname="com.muqian.leetcode.tree.BinaryTreeProblemsTest" time="0.012">
    <system-out><![CDATA[

==================== 测试：翻转二叉树（递归） ====================
========== 开始递归翻转二叉树 ==========
→ 处理节点: 1
  原始：左=2, 右=3
  ├─ 翻转左子树
  → 处理节点: 2
    原始：左=4, 右=5
    ├─ 翻转左子树
    → 处理节点: 4
      原始：左=null, 右=null
      ├─ 翻转左子树
      → 节点为null，返回
      └─ 翻转右子树
      → 节点为null，返回
      ★ 交换后：左=null, 右=null
    ← 节点 4 处理完成
    └─ 翻转右子树
    → 处理节点: 5
      原始：左=null, 右=null
      ├─ 翻转左子树
      → 节点为null，返回
      └─ 翻转右子树
      → 节点为null，返回
      ★ 交换后：左=null, 右=null
    ← 节点 5 处理完成
    ★ 交换后：左=5, 右=4
  ← 节点 2 处理完成
  └─ 翻转右子树
  → 处理节点: 3
    原始：左=null, 右=null
    ├─ 翻转左子树
    → 节点为null，返回
    └─ 翻转右子树
    → 节点为null，返回
    ★ 交换后：左=null, 右=null
  ← 节点 3 处理完成
  ★ 交换后：左=3, 右=2
← 节点 1 处理完成
========== 翻转完成 ==========
✓ 测试通过
]]></system-out>
  </testcase>
  <testcase name="testInorderTraversalRecursive" classname="com.muqian.leetcode.tree.BinaryTreeProblemsTest" time="0.009">
    <system-out><![CDATA[

==================== 测试：中序遍历（递归） ====================

========== 开始递归中序遍历 ==========

╔═══════════════════════════════════════════
║ 树结构预览：
║
║        1
║      ╱  ╲
║     2  3
║   ╱  ╲  
║  4  5  
╚═══════════════════════════════════════════


[步骤1] 进入节点 1
│   ├─ 遍历左子树 → 2
│   [步骤2] 进入节点 2
│   │   ├─ 遍历左子树 → 4
│   │   [步骤3] 进入节点 4
│   │   │   ⚡ [步骤4] 访问节点 4 并加入结果
│   │   └─ 节点 4 处理完成
│   │   ⚡ [步骤5] 访问节点 2 并加入结果
│   │   └─ 遍历右子树 → 5
│   │   [步骤6] 进入节点 5
│   │   │   ⚡ [步骤7] 访问节点 5 并加入结果
│   │   └─ 节点 5 处理完成
│   └─ 节点 2 处理完成
│   ⚡ [步骤8] 访问节点 1 并加入结果
│   └─ 遍历右子树 → 3
│   [步骤9] 进入节点 3
│   │   ⚡ [步骤10] 访问节点 3 并加入结果
│   └─ 节点 3 处理完成
└─ 节点 1 处理完成


╔═══════════════════════════════════════════
║ 📊 执行摘要
║
║  • 访问节点数: 5
║  • 最大递归深度: 3
║  • 执行结果: [4, 2, 5, 1, 3]
╚═══════════════════════════════════════════

========== 遍历完成 ==========

✓ 测试通过
]]></system-out>
  </testcase>
  <testcase name="testMaxDepthIterative" classname="com.muqian.leetcode.tree.BinaryTreeProblemsTest" time="0.001">
    <system-out><![CDATA[

==================== 测试：最大深度（迭代） ====================

========== 开始计算最大深度（迭代BFS） ==========

╔═══════════════════════════════════════════
║ 树结构预览：
║
║        1
║      ╱  ╲
║     2  3
║   ╱  ╲  
║  4  5  
╚═══════════════════════════════════════════

[步骤1] 初始化：将根节点 1 加入队列

╔═══ 第 1 层（节点数: 1）═══
║ [步骤2] 访问节点: 1
║   → 左子节点 2 加入队列
║   → 右子节点 3 加入队列
╚═══ 第 1 层遍历完成 ═══

╔═══ 第 2 层（节点数: 2）═══
║ [步骤3] 访问节点: 2
║   → 左子节点 4 加入队列
║   → 右子节点 5 加入队列
║ [步骤4] 访问节点: 3
╚═══ 第 2 层遍历完成 ═══

╔═══ 第 3 层（节点数: 2）═══
║ [步骤5] 访问节点: 4
║ [步骤6] 访问节点: 5
╚═══ 第 3 层遍历完成 ═══


╔═══════════════════════════════════════════
║ 📊 执行摘要
║
║  • 访问节点数: 5
║  • 最大递归深度: 3
║  • 执行结果: 3
╚═══════════════════════════════════════════

========== 计算完成 ==========

✓ 测试通过
]]></system-out>
  </testcase>
  <testcase name="testHasPathSumTrue" classname="com.muqian.leetcode.tree.BinaryTreeProblemsTest" time="0.001">
    <system-out><![CDATA[

==================== 测试：路径总和（存在） ====================
========== 开始查找路径总和 22 ==========
→ 进入节点: 5，当前路径和: 5 (目标: 22)
  非叶子节点，继续搜索...
  ├─ 搜索左子树
  → 进入节点: 4，当前路径和: 9 (目标: 22)
    非叶子节点，继续搜索...
    ├─ 搜索左子树
    → 进入节点: 11，当前路径和: 20 (目标: 22)
      非叶子节点，继续搜索...
      ├─ 搜索左子树
      → 进入节点: 7，当前路径和: 27 (目标: 22)
        ★ 叶子节点，路径和: 27，目标: 22，不匹配 ✗
      └─ 搜索右子树
      → 进入节点: 2，当前路径和: 22 (目标: 22)
        ★ 叶子节点，路径和: 22，目标: 22，找到 ✓
      └─ 右子树找到路径 ✓
    ├─ 左子树找到路径 ✓
  ├─ 左子树找到路径 ✓
========== 查找完成，结果: true ==========
✓ 测试通过
]]></system-out>
  </testcase>
  <testcase name="testIsValidBSTFalse" classname="com.muqian.leetcode.tree.BinaryTreeProblemsTest" time="0.002">
    <system-out><![CDATA[

==================== 测试：验证BST（无效） ====================
========== 开始验证BST（递归+范围检查） ==========
→ 验证节点: 5，范围: (-∞, +∞)
  ✓ 节点值在有效范围内
  ├─ 验证左子树，范围: (-∞, 5)
  → 验证节点: 1，范围: (-∞, 5)
    ✓ 节点值在有效范围内
    ├─ 验证左子树，范围: (-∞, 1)
    → 节点为null，有效 ✓
    └─ 验证右子树，范围: (1, 5)
    → 节点为null，有效 ✓
  ← 节点 1 及其子树有效 ✓
  └─ 验证右子树，范围: (5, +∞)
  → 验证节点: 4，范围: (5, +∞)
    ✗ 节点值 4 <= 最小值 5，无效
  └─ 右子树无效 ✗
========== 验证完成，结果: false ==========
✓ 测试通过
]]></system-out>
  </testcase>
  <testcase name="testInorderTraversalIterative" classname="com.muqian.leetcode.tree.BinaryTreeProblemsTest" time="0.001">
    <system-out><![CDATA[

==================== 测试：中序遍历（迭代） ====================

========== 开始迭代中序遍历 ==========

╔═══════════════════════════════════════════
║ 树结构预览：
║
║        1
║      ╱  ╲
║     2  3
║   ╱  ╲  
║  4  5  
╚═══════════════════════════════════════════

[步骤1] 初始化：current = 1, stack = []
[步骤2] 将节点 1 压入栈
      向左移动 → 2
[步骤3] 将节点 2 压入栈
      向左移动 → 4
[步骤4] 将节点 4 压入栈
⚡ [步骤5] 弹出并访问节点: 4
⚡ [步骤6] 弹出并访问节点: 2
      转向右子树 → 5
[步骤7] 将节点 5 压入栈
⚡ [步骤8] 弹出并访问节点: 5
⚡ [步骤9] 弹出并访问节点: 1
      转向右子树 → 3
[步骤10] 将节点 3 压入栈
⚡ [步骤11] 弹出并访问节点: 3


╔═══════════════════════════════════════════
║ 📊 执行摘要
║
║  • 访问节点数: 5
║  • 最大递归深度: -1
║  • 执行结果: [4, 2, 5, 1, 3]
╚═══════════════════════════════════════════

========== 遍历完成 ==========

✓ 测试通过
]]></system-out>
  </testcase>
  <testcase name="testPreorderTraversalRecursive" classname="com.muqian.leetcode.tree.BinaryTreeProblemsTest" time="0.001">
    <system-out><![CDATA[

==================== 测试：前序遍历（递归） ====================
========== 开始递归前序遍历 ==========
→ 进入节点: 1
  ├─ 访问当前节点: 1
  ├─ 遍历左子树
  → 进入节点: 2
    ├─ 访问当前节点: 2
    ├─ 遍历左子树
    → 进入节点: 4
      ├─ 访问当前节点: 4
      ├─ 遍历左子树
      → 节点为null，返回
      └─ 遍历右子树
      → 节点为null，返回
    ← 节点 4 处理完成
    └─ 遍历右子树
    → 进入节点: 5
      ├─ 访问当前节点: 5
      ├─ 遍历左子树
      → 节点为null，返回
      └─ 遍历右子树
      → 节点为null，返回
    ← 节点 5 处理完成
  ← 节点 2 处理完成
  └─ 遍历右子树
  → 进入节点: 3
    ├─ 访问当前节点: 3
    ├─ 遍历左子树
    → 节点为null，返回
    └─ 遍历右子树
    → 节点为null，返回
  ← 节点 3 处理完成
← 节点 1 处理完成
========== 遍历完成，结果: [1, 2, 4, 5, 3] ==========
✓ 测试通过
]]></system-out>
  </testcase>
  <testcase name="testPathSumIII" classname="com.muqian.leetcode.tree.BinaryTreeProblemsTest" time="0.002">
    <system-out><![CDATA[

==================== 测试：路径总和III ====================
========== 开始查找路径总和III（前缀和）, 目标: 8 ==========
→ 进入节点: 10
  当前路径和: 10
  记录前缀和 10 出现次数: 1
  → 进入节点: 5
    当前路径和: 15
    记录前缀和 15 出现次数: 1
    → 进入节点: 3
      当前路径和: 18
      ★ 找到 1 条路径！(需要前缀和: 10, 当前和: 18)
      记录前缀和 18 出现次数: 1
      → 进入节点: 3
        当前路径和: 21
        记录前缀和 21 出现次数: 1
      ← 回溯，移除前缀和 21
      → 进入节点: -2
        当前路径和: 16
        记录前缀和 16 出现次数: 1
      ← 回溯，移除前缀和 16
    ← 回溯，移除前缀和 18
    → 进入节点: 2
      当前路径和: 17
      记录前缀和 17 出现次数: 1
      → 进入节点: 1
        当前路径和: 18
        ★ 找到 1 条路径！(需要前缀和: 10, 当前和: 18)
        记录前缀和 18 出现次数: 1
      ← 回溯，移除前缀和 18
    ← 回溯，移除前缀和 17
  ← 回溯，移除前缀和 15
  → 进入节点: -3
    当前路径和: 7
    记录前缀和 7 出现次数: 1
    → 进入节点: 11
      当前路径和: 18
      ★ 找到 1 条路径！(需要前缀和: 10, 当前和: 18)
      记录前缀和 18 出现次数: 1
    ← 回溯，移除前缀和 18
  ← 回溯，移除前缀和 7
← 回溯，移除前缀和 10
========== 查找完成，找到 3 条路径 ==========
✓ 测试通过
]]></system-out>
  </testcase>
  <testcase name="testBuildTreePreIn" classname="com.muqian.leetcode.tree.BinaryTreeProblemsTest" time="0.005">
    <system-out><![CDATA[

==================== 测试：前序+中序构造树 ====================

==================================================
开始构造二叉树
==================================================

&amp#27;[36m&amp#27;[1m[阶段1] 输入数据&amp#27;[0m
━━━━━━━━━━━━━━━━━━━━━━━━━━━━━━━━━━━━━━━━

前序: [ 3  9  20  15  7 ]
索引: [ 0  1  2  3  4 ]

中序: [ 9  3  15  20  7 ]
索引: [ 0  1  2  3  4 ]


&amp#27;[36m&amp#27;[1m[阶段2] 初始化&amp#27;[0m
━━━━━━━━━━━━━━━━━━━━━━━━━━━━━━━━━━━━━━━━
✓ 构建中序遍历索引映射完成

&amp#27;[36m&amp#27;[1m[阶段3] 开始构造树&amp#27;[0m
━━━━━━━━━━━━━━━━━━━━━━━━━━━━━━━━━━━━━━━━
&amp#27;[35m&amp#27;[1m[步骤1]&amp#27;[0m 创建节点 &amp#27;[34m&amp#27;[1m3&amp#27;[0m
┌───────────────────────────────────────────┐
│ 前序索引: 0  │  值: &amp#27;[34m&amp#27;[1m3&amp#27;[0m             │
│ 中序区间: [0:4]  │  根位置: 1                    │
│ 左子树大小: &amp#27;[36m1&amp#27;[0m  │  右子树大小: &amp#27;[36m3&amp#27;[0m   │
└───────────────────────────────────────────┘
├─ &amp#27;[33m&amp#27;[1m▶&amp#27;[0m 构造左子树 [0:0]
  &amp#27;[35m&amp#27;[1m[步骤2]&amp#27;[0m 创建节点 &amp#27;[34m&amp#27;[1m9&amp#27;[0m
  ┌───────────────────────────────────────────┐
  │ 前序索引: 1  │  值: &amp#27;[34m&amp#27;[1m9&amp#27;[0m             │
  │ 中序区间: [0:0]  │  根位置: 0                    │
  │ 左子树大小: &amp#27;[36m0&amp#27;[0m  │  右子树大小: &amp#27;[36m0&amp#27;[0m   │
  └───────────────────────────────────────────┘
  ├─ 左子树为空
  └─ 右子树为空
当前树状态:
     &amp#27;[34m&amp#27;[1m3&amp#27;[0m
     ╱
  &amp#27;[34m&amp#27;[1m9&amp#27;[0m
└─ &amp#27;[33m&amp#27;[1m▶&amp#27;[0m 构造右子树 [2:4]
  &amp#27;[35m&amp#27;[1m[步骤3]&amp#27;[0m 创建节点 &amp#27;[34m&amp#27;[1m20&amp#27;[0m
  ┌───────────────────────────────────────────┐
  │ 前序索引: 2  │  值: &amp#27;[34m&amp#27;[1m20&amp#27;[0m            │
  │ 中序区间: [2:4]  │  根位置: 3                    │
  │ 左子树大小: &amp#27;[36m1&amp#27;[0m  │  右子树大小: &amp#27;[36m1&amp#27;[0m   │
  └───────────────────────────────────────────┘
  ├─ &amp#27;[33m&amp#27;[1m▶&amp#27;[0m 构造左子树 [2:2]
    &amp#27;[35m&amp#27;[1m[步骤4]&amp#27;[0m 创建节点 &amp#27;[34m&amp#27;[1m15&amp#27;[0m
    ┌───────────────────────────────────────────┐
    │ 前序索引: 3  │  值: &amp#27;[34m&amp#27;[1m15&amp#27;[0m            │
    │ 中序区间: [2:2]  │  根位置: 2                    │
    │ 左子树大小: &amp#27;[36m0&amp#27;[0m  │  右子树大小: &amp#27;[36m0&amp#27;[0m   │
    └───────────────────────────────────────────┘
    ├─ 左子树为空
    └─ 右子树为空
  当前树状态:
       &amp#27;[34m&amp#27;[1m3&amp#27;[0m
       ╱
    &amp#27;[34m&amp#27;[1m9&amp#27;[0m
  └─ &amp#27;[33m&amp#27;[1m▶&amp#27;[0m 构造右子树 [4:4]
    &amp#27;[35m&amp#27;[1m[步骤5]&amp#27;[0m 创建节点 &amp#27;[34m&amp#27;[1m7&amp#27;[0m
    ┌───────────────────────────────────────────┐
    │ 前序索引: 4  │  值: &amp#27;[34m&amp#27;[1m7&amp#27;[0m             │
    │ 中序区间: [4:4]  │  根位置: 4                    │
    │ 左子树大小: &amp#27;[36m0&amp#27;[0m  │  右子树大小: &amp#27;[36m0&amp#27;[0m   │
    └───────────────────────────────────────────┘
    ├─ 左子树为空
    └─ 右子树为空
  当前树状态:
       &amp#27;[34m&amp#27;[1m3&amp#27;[0m
       ╱
    &amp#27;[34m&amp#27;[1m9&amp#27;[0m
当前树状态:
     &amp#27;[34m&amp#27;[1m3&amp#27;[0m
     ╱ ╲
  &amp#27;[34m&amp#27;[1m9&amp#27;[0m      &amp#27;[34m&amp#27;[1m20&amp#27;[0m
         ╱ ╲
     &amp#27;[34m&amp#27;[1m15&amp#27;[0m  &amp#27;[34m&amp#27;[1m7&amp#27;[0m

&amp#27;[36m&amp#27;[1m[阶段4] 构造完成&amp#27;[0m
━━━━━━━━━━━━━━━━━━━━━━━━━━━━━━━━━━━━━━━━

╔═══════════════════════════════════════════
║ 树结构预览：
║
║     3
║   ╱  ╲
║  9      20
║      ╱   ╲
║     15  7
╚═══════════════════════════════════════════

==================================================
&amp#27;[32m&amp#27;[1m✓ 构造成功&amp#27;[0m
==================================================

✓ 测试通过
]]></system-out>
  </testcase>
  <testcase name="testIsValidBSTTrue" classname="com.muqian.leetcode.tree.BinaryTreeProblemsTest" time="0.001">
    <system-out><![CDATA[

==================== 测试：验证BST（有效） ====================
========== 开始验证BST（递归+范围检查） ==========
→ 验证节点: 5，范围: (-∞, +∞)
  ✓ 节点值在有效范围内
  ├─ 验证左子树，范围: (-∞, 5)
  → 验证节点: 3，范围: (-∞, 5)
    ✓ 节点值在有效范围内
    ├─ 验证左子树，范围: (-∞, 3)
    → 验证节点: 1，范围: (-∞, 3)
      ✓ 节点值在有效范围内
      ├─ 验证左子树，范围: (-∞, 1)
      → 节点为null，有效 ✓
      └─ 验证右子树，范围: (1, 3)
      → 节点为null，有效 ✓
    ← 节点 1 及其子树有效 ✓
    └─ 验证右子树，范围: (3, 5)
    → 验证节点: 4，范围: (3, 5)
      ✓ 节点值在有效范围内
      ├─ 验证左子树，范围: (3, 4)
      → 节点为null，有效 ✓
      └─ 验证右子树，范围: (4, 5)
      → 节点为null，有效 ✓
    ← 节点 4 及其子树有效 ✓
  ← 节点 3 及其子树有效 ✓
  └─ 验证右子树，范围: (5, +∞)
  → 验证节点: 7，范围: (5, +∞)
    ✓ 节点值在有效范围内
    ├─ 验证左子树，范围: (5, 7)
    → 验证节点: 6，范围: (5, 7)
      ✓ 节点值在有效范围内
      ├─ 验证左子树，范围: (5, 6)
      → 节点为null，有效 ✓
      └─ 验证右子树，范围: (6, 7)
      → 节点为null，有效 ✓
    ← 节点 6 及其子树有效 ✓
    └─ 验证右子树，范围: (7, +∞)
    → 验证节点: 8，范围: (7, +∞)
      ✓ 节点值在有效范围内
      ├─ 验证左子树，范围: (7, 8)
      → 节点为null，有效 ✓
      └─ 验证右子树，范围: (8, +∞)
      → 节点为null，有效 ✓
    ← 节点 8 及其子树有效 ✓
  ← 节点 7 及其子树有效 ✓
← 节点 5 及其子树有效 ✓
========== 验证完成，结果: true ==========
✓ 测试通过
]]></system-out>
  </testcase>
  <testcase name="testPreorderTraversalIterative" classname="com.muqian.leetcode.tree.BinaryTreeProblemsTest" time="0.001">
    <system-out><![CDATA[

==================== 测试：前序遍历（迭代） ====================
========== 开始迭代前序遍历 ==========
初始化：将根节点 1 压入栈
← 弹出节点: 1
  访问节点: 1
  → 将右子节点 3 压入栈
  → 将左子节点 2 压入栈
  当前栈大小: 2
← 弹出节点: 2
  访问节点: 2
  → 将右子节点 5 压入栈
  → 将左子节点 4 压入栈
  当前栈大小: 3
← 弹出节点: 4
  访问节点: 4
  当前栈大小: 2
← 弹出节点: 5
  访问节点: 5
  当前栈大小: 1
← 弹出节点: 3
  访问节点: 3
  当前栈大小: 0
========== 遍历完成，结果: [1, 2, 4, 5, 3] ==========
✓ 测试通过
]]></system-out>
  </testcase>
  <testcase name="testLevelOrderTraversal" classname="com.muqian.leetcode.tree.BinaryTreeProblemsTest" time="0.001">
    <system-out><![CDATA[

==================== 测试：层序遍历 ====================
========== 开始层序遍历 ==========
初始化：将根节点 1 加入队列

--- 第 0 层，节点数: 1 ---
  [1/1] 访问节点: 1
      → 左子节点 2 加入队列
      → 右子节点 3 加入队列
第 0 层遍历完成: [1]

--- 第 1 层，节点数: 2 ---
  [1/2] 访问节点: 2
      → 左子节点 4 加入队列
      → 右子节点 5 加入队列
  [2/2] 访问节点: 3
第 1 层遍历完成: [2, 3]

--- 第 2 层，节点数: 2 ---
  [1/2] 访问节点: 4
  [2/2] 访问节点: 5
第 2 层遍历完成: [4, 5]

========== 遍历完成，总共 3 层，结果: [[1], [2, 3], [4, 5]] ==========
✓ 测试通过
]]></system-out>
  </testcase>
  <testcase name="testDiameterOfBinaryTree" classname="com.muqian.leetcode.tree.BinaryTreeProblemsTest" time="0.002">
    <system-out><![CDATA[

==================== 测试：二叉树的直径 ====================

========== 开始计算二叉树直径 ==========

╔═══════════════════════════════════════════
║ 树结构预览：
║
║        1
║      ╱  ╲
║     2  3
║   ╱  ╲  
║  4  5  
╚═══════════════════════════════════════════


[步骤1] 进入节点 1
│   ├─ 计算左子树高度 → 2
│   [步骤2] 进入节点 2
│   │   ├─ 计算左子树高度 → 4
│   │   [步骤3] 进入节点 4
│   │   │   ├─ 左子树为空，高度: 0
│   │   │   └─ 右子树为空，高度: 0
│   │   │   ⚡ 经过节点 4 的路径长度: 0 + 0 = 0
│   │   │   保持最大直径: 0
│   │   └─ 节点 4 的高度: 1 (返回给父节点)
│   │   ├─ 左子树高度: 1
│   │   └─ 计算右子树高度 → 5
│   │   [步骤4] 进入节点 5
│   │   │   ├─ 左子树为空，高度: 0
│   │   │   └─ 右子树为空，高度: 0
│   │   │   ⚡ 经过节点 5 的路径长度: 0 + 0 = 0
│   │   │   保持最大直径: 0
│   │   └─ 节点 5 的高度: 1 (返回给父节点)
│   │   └─ 右子树高度: 1
│   │   ⚡ 经过节点 2 的路径长度: 1 + 1 = 2
│   │   ✓ 更新最大直径: 0 → 2
│   └─ 节点 2 的高度: 2 (返回给父节点)
│   ├─ 左子树高度: 2
│   └─ 计算右子树高度 → 3
│   [步骤5] 进入节点 3
│   │   ├─ 左子树为空，高度: 0
│   │   └─ 右子树为空，高度: 0
│   │   ⚡ 经过节点 3 的路径长度: 0 + 0 = 0
│   │   保持最大直径: 2
│   └─ 节点 3 的高度: 1 (返回给父节点)
│   └─ 右子树高度: 1
│   ⚡ 经过节点 1 的路径长度: 2 + 1 = 3
│   ✓ 更新最大直径: 2 → 3
└─ 节点 1 的高度: 3 (返回给父节点)


╔═══════════════════════════════════════════
║ 📊 执行摘要
║
║  • 访问节点数: 5
║  • 最大递归深度: -1
║  • 执行结果: 3
╚═══════════════════════════════════════════

========== 计算完成 ==========

✓ 测试通过
]]></system-out>
  </testcase>
  <testcase name="testMaxDepthRecursive" classname="com.muqian.leetcode.tree.BinaryTreeProblemsTest" time="0.001">
    <system-out><![CDATA[

==================== 测试：最大深度（递归） ====================

========== 开始计算最大深度（递归DFS） ==========

╔═══════════════════════════════════════════
║ 树结构预览：
║
║        1
║      ╱  ╲
║     2  3
║   ╱  ╲  
║  4  5  
╚═══════════════════════════════════════════


[步骤1] 进入节点 1，当前深度: 1
│   ├─ 计算左子树深度 → 2
│   [步骤2] 进入节点 2，当前深度: 2
│   │   ├─ 计算左子树深度 → 4
│   │   [步骤3] 进入节点 4，当前深度: 3
│   │   │   ├─ 左子树为空，深度: 0
│   │   │   └─ 右子树为空，深度: 0
│   │   ⚡ 节点 4 的深度 = max(0, 0) + 1 = 1
│   │   ├─ 左子树深度: 1
│   │   └─ 计算右子树深度 → 5
│   │   [步骤4] 进入节点 5，当前深度: 3
│   │   │   ├─ 左子树为空，深度: 0
│   │   │   └─ 右子树为空，深度: 0
│   │   ⚡ 节点 5 的深度 = max(0, 0) + 1 = 1
│   │   └─ 右子树深度: 1
│   ⚡ 节点 2 的深度 = max(1, 1) + 1 = 2
│   ├─ 左子树深度: 2
│   └─ 计算右子树深度 → 3
│   [步骤5] 进入节点 3，当前深度: 2
│   │   ├─ 左子树为空，深度: 0
│   │   └─ 右子树为空，深度: 0
│   ⚡ 节点 3 的深度 = max(0, 0) + 1 = 1
│   └─ 右子树深度: 1
⚡ 节点 1 的深度 = max(2, 1) + 1 = 3


╔═══════════════════════════════════════════
║ 📊 执行摘要
║
║  • 访问节点数: 5
║  • 最大递归深度: 3
║  • 执行结果: 3
╚═══════════════════════════════════════════

========== 计算完成 ==========

✓ 测试通过
]]></system-out>
  </testcase>
  <testcase name="testLowestCommonAncestor" classname="com.muqian.leetcode.tree.BinaryTreeProblemsTest" time="0.001">
    <system-out><![CDATA[

==================== 测试：最近公共祖先 ====================
========== 查找节点 4 和 5 的最近公共祖先 ==========
→ 进入节点: 1
  ├─ 查找左子树
  → 进入节点: 2
    ├─ 查找左子树
    → 进入节点: 4
      ★ 找到目标节点: 4
    └─ 查找右子树
    → 进入节点: 5
      ★ 找到目标节点: 5
    左子树返回: 4, 右子树返回: 5
    ✓ 找到LCA: 2 (左右子树都找到目标)
  └─ 查找右子树
  → 进入节点: 3
    ├─ 查找左子树
    → 节点为null，返回null
    └─ 查找右子树
    → 节点为null，返回null
    左子树返回: null, 右子树返回: null
  ← 返回null
  左子树返回: 2, 右子树返回: null
← 向上传递: 2
========== 找到最近公共祖先: 2 ==========
✓ 测试通过
]]></system-out>
  </testcase>
  <testcase name="testIsSymmetricFalse" classname="com.muqian.leetcode.tree.BinaryTreeProblemsTest" time="0.001">
    <system-out><![CDATA[

==================== 测试：对称二叉树（不对称） ====================
========== 开始检查二叉树是否对称（递归） ==========
→ 比较节点：左=2, 右=3
  ✗ 值不相等，不对称
========== 检查完成，结果: false ==========
✓ 测试通过
]]></system-out>
  </testcase>
  <testcase name="testIsSymmetricTrue" classname="com.muqian.leetcode.tree.BinaryTreeProblemsTest" time="0.0">
    <system-out><![CDATA[

==================== 测试：对称二叉树（对称） ====================
========== 开始检查二叉树是否对称（递归） ==========
→ 比较节点：左=2, 右=2
  ✓ 值相等
  ├─ 检查外侧：左.left vs 右.right
  → 比较节点：左=3, 右=3
    ✓ 值相等
    ├─ 检查外侧：左.left vs 右.right
    → 左右节点都为null，对称 ✓
    └─ 检查内侧：左.right vs 右.left
    → 左右节点都为null，对称 ✓
  ← 结果: true (外侧:true, 内侧:true)
  └─ 检查内侧：左.right vs 右.left
  → 比较节点：左=4, 右=4
    ✓ 值相等
    ├─ 检查外侧：左.left vs 右.right
    → 左右节点都为null，对称 ✓
    └─ 检查内侧：左.right vs 右.left
    → 左右节点都为null，对称 ✓
  ← 结果: true (外侧:true, 内侧:true)
← 结果: true (外侧:true, 内侧:true)
========== 检查完成，结果: true ==========
✓ 测试通过
]]></system-out>
  </testcase>
</testsuite>