<?xml version="1.0" encoding="UTF-8"?>
<testsuite xmlns:xsi="http://www.w3.org/2001/XMLSchema-instance" xsi:noNamespaceSchemaLocation="https://maven.apache.org/surefire/maven-surefire-plugin/xsd/surefire-test-report-3.0.xsd" version="3.0" name="com.muqian.leetcode.backtracking.BacktrackingProblemsTest" time="0.172" tests="10" errors="0" skipped="0" failures="0">
  <properties>
[...]
</properties>
  <testcase name="testCombinations" classname="com.muqian.leetcode.backtracking.BacktrackingProblemsTest" time="0.015">
    <system-out><![CDATA[
==================== 测试：组合 ====================


========== 开始生成组合 ==========
参数: n = &amp#27;[34m&amp#27;[1m4&amp#27;[0m, k = &amp#27;[34m&amp#27;[1m2&amp#27;[0m


├─ &amp#27;[33m&amp#27;[1m▶&amp#27;[0m 选择 &amp#27;[34m&amp#27;[1m1&amp#27;[0m → 路径: [1] (还需1个)
  ├─ &amp#27;[33m&amp#27;[1m▶&amp#27;[0m 选择 &amp#27;[34m&amp#27;[1m2&amp#27;[0m → 路径: [1, 2] (还需0个)
    &amp#27;[35m&amp#27;[1m[步骤1]&amp#27;[0m &amp#27;[32m&amp#27;[1m✓&amp#27;[0m 找到组合: &amp#27;[33m&amp#27;[1m[1, 2]&amp#27;[0m
  └─ 回溯，移除 2
  ├─ &amp#27;[33m&amp#27;[1m▶&amp#27;[0m 选择 &amp#27;[34m&amp#27;[1m3&amp#27;[0m → 路径: [1, 3] (还需0个)
    &amp#27;[35m&amp#27;[1m[步骤2]&amp#27;[0m &amp#27;[32m&amp#27;[1m✓&amp#27;[0m 找到组合: &amp#27;[33m&amp#27;[1m[1, 3]&amp#27;[0m
  └─ 回溯，移除 3
  ├─ &amp#27;[33m&amp#27;[1m▶&amp#27;[0m 选择 &amp#27;[34m&amp#27;[1m4&amp#27;[0m → 路径: [1, 4] (还需0个)
    &amp#27;[35m&amp#27;[1m[步骤3]&amp#27;[0m &amp#27;[32m&amp#27;[1m✓&amp#27;[0m 找到组合: &amp#27;[33m&amp#27;[1m[1, 4]&amp#27;[0m
  └─ 回溯，移除 4
└─ 回溯，移除 1
├─ &amp#27;[33m&amp#27;[1m▶&amp#27;[0m 选择 &amp#27;[34m&amp#27;[1m2&amp#27;[0m → 路径: [2] (还需1个)
  ├─ &amp#27;[33m&amp#27;[1m▶&amp#27;[0m 选择 &amp#27;[34m&amp#27;[1m3&amp#27;[0m → 路径: [2, 3] (还需0个)
    &amp#27;[35m&amp#27;[1m[步骤4]&amp#27;[0m &amp#27;[32m&amp#27;[1m✓&amp#27;[0m 找到组合: &amp#27;[33m&amp#27;[1m[2, 3]&amp#27;[0m
  └─ 回溯，移除 3
  ├─ &amp#27;[33m&amp#27;[1m▶&amp#27;[0m 选择 &amp#27;[34m&amp#27;[1m4&amp#27;[0m → 路径: [2, 4] (还需0个)
    &amp#27;[35m&amp#27;[1m[步骤5]&amp#27;[0m &amp#27;[32m&amp#27;[1m✓&amp#27;[0m 找到组合: &amp#27;[33m&amp#27;[1m[2, 4]&amp#27;[0m
  └─ 回溯，移除 4
└─ 回溯，移除 2
├─ &amp#27;[33m&amp#27;[1m▶&amp#27;[0m 选择 &amp#27;[34m&amp#27;[1m3&amp#27;[0m → 路径: [3] (还需1个)
  ├─ &amp#27;[33m&amp#27;[1m▶&amp#27;[0m 选择 &amp#27;[34m&amp#27;[1m4&amp#27;[0m → 路径: [3, 4] (还需0个)
    &amp#27;[35m&amp#27;[1m[步骤6]&amp#27;[0m &amp#27;[32m&amp#27;[1m✓&amp#27;[0m 找到组合: &amp#27;[33m&amp#27;[1m[3, 4]&amp#27;[0m
  └─ 回溯，移除 4
└─ 回溯，移除 3
✂ 剪枝：剩余 1 个数不足需要的 2 个

&amp#27;[36m&amp#27;[1m&amp#27;[0m 统计信息:
  总步骤数: 6
  剪枝次数: &amp#27;[32m&amp#27;[1m1&amp#27;[0m
  组合总数: 6

========== 生成完成 ==========

✓ 测试通过

]]></system-out>
  </testcase>
  <testcase name="testCombinationSum" classname="com.muqian.leetcode.backtracking.BacktrackingProblemsTest" time="0.012">
    <system-out><![CDATA[
==================== 测试：组合总和 ====================


========== 开始查找组合总和 ==========
候选数组: [&amp#27;[34m&amp#27;[1m2&amp#27;[0m, &amp#27;[34m&amp#27;[1m3&amp#27;[0m, &amp#27;[34m&amp#27;[1m6&amp#27;[0m, &amp#27;[34m&amp#27;[1m7&amp#27;[0m]
目标和: &amp#27;[34m&amp#27;[1m7&amp#27;[0m
排序后: [&amp#27;[34m&amp#27;[1m2&amp#27;[0m, &amp#27;[34m&amp#27;[1m3&amp#27;[0m, &amp#27;[34m&amp#27;[1m6&amp#27;[0m, &amp#27;[34m&amp#27;[1m7&amp#27;[0m]

├─ &amp#27;[33m&amp#27;[1m▶&amp#27;[0m 选择 &amp#27;[34m&amp#27;[1m2&amp#27;[0m → 路径: [2] (和: 2 / 目标: 7)
  ├─ &amp#27;[33m&amp#27;[1m▶&amp#27;[0m 选择 &amp#27;[34m&amp#27;[1m2&amp#27;[0m → 路径: [2, 2] (和: 4 / 目标: 7)
    ├─ &amp#27;[33m&amp#27;[1m▶&amp#27;[0m 选择 &amp#27;[34m&amp#27;[1m2&amp#27;[0m → 路径: [2, 2, 2] (和: 6 / 目标: 7)
      ✂ 剪枝：6 + 2 = 8 > 目标 7, break
    └─ 回溯，移除 2
    ├─ &amp#27;[33m&amp#27;[1m▶&amp#27;[0m 选择 &amp#27;[34m&amp#27;[1m3&amp#27;[0m → 路径: [2, 2, 3] (和: 7 / 目标: 7)
      &amp#27;[35m&amp#27;[1m[步骤1]&amp#27;[0m &amp#27;[32m&amp#27;[1m✓&amp#27;[0m 找到组合: &amp#27;[33m&amp#27;[1m[2, 2, 3]&amp#27;[0m (和 = 7)
    └─ 回溯，移除 3
    ✂ 剪枝：4 + 6 = 10 > 目标 7, break
  └─ 回溯，移除 2
  ├─ &amp#27;[33m&amp#27;[1m▶&amp#27;[0m 选择 &amp#27;[34m&amp#27;[1m3&amp#27;[0m → 路径: [2, 3] (和: 5 / 目标: 7)
    ✂ 剪枝：5 + 3 = 8 > 目标 7, break
  └─ 回溯，移除 3
  ✂ 剪枝：2 + 6 = 8 > 目标 7, break
└─ 回溯，移除 2
├─ &amp#27;[33m&amp#27;[1m▶&amp#27;[0m 选择 &amp#27;[34m&amp#27;[1m3&amp#27;[0m → 路径: [3] (和: 3 / 目标: 7)
  ├─ &amp#27;[33m&amp#27;[1m▶&amp#27;[0m 选择 &amp#27;[34m&amp#27;[1m3&amp#27;[0m → 路径: [3, 3] (和: 6 / 目标: 7)
    ✂ 剪枝：6 + 3 = 9 > 目标 7, break
  └─ 回溯，移除 3
  ✂ 剪枝：3 + 6 = 9 > 目标 7, break
└─ 回溯，移除 3
├─ &amp#27;[33m&amp#27;[1m▶&amp#27;[0m 选择 &amp#27;[34m&amp#27;[1m6&amp#27;[0m → 路径: [6] (和: 6 / 目标: 7)
  ✂ 剪枝：6 + 6 = 12 > 目标 7, break
└─ 回溯，移除 6
├─ &amp#27;[33m&amp#27;[1m▶&amp#27;[0m 选择 &amp#27;[34m&amp#27;[1m7&amp#27;[0m → 路径: [7] (和: 7 / 目标: 7)
  &amp#27;[35m&amp#27;[1m[步骤2]&amp#27;[0m &amp#27;[32m&amp#27;[1m✓&amp#27;[0m 找到组合: &amp#27;[33m&amp#27;[1m[7]&amp#27;[0m (和 = 7)
└─ 回溯，移除 7

&amp#27;[36m&amp#27;[1m&amp#27;[0m 统计信息:
  总步骤数: 2
  剪枝次数: &amp#27;[32m&amp#27;[1m7&amp#27;[0m
  组合总数: 2

最终结果（共 2 个组合）：
  [1] [2, 2, 3]
  [2] [7]

&amp#27;[36m&amp#27;[1m╔═══════════════════════════════════════════&amp#27;[0m
&amp#27;[36m&amp#27;[1m║ 组合总和决策树 - [&amp#27;[34m&amp#27;[1m2&amp#27;[0m, &amp#27;[34m&amp#27;[1m3&amp#27;[0m, &amp#27;[34m&amp#27;[1m6&amp#27;[0m, &amp#27;[34m&amp#27;[1m7&amp#27;[0m] → 目标: 7&amp#27;[0m
&amp#27;[36m&amp#27;[1m╚═══════════════════════════════════════════&amp#27;[0m

                                                                                   &amp#27;[34m&amp#27;[1m[]&amp#27;[0m
                                                     ┌────────────────────────────────────┴────────────────────────────────────┬───────────────────────────┬─────────────────┐
                                                     │                                                                         │                           │                 │
                                             &amp#27;[34m&amp#27;[1m[2]&amp#27;[0m                                                          &amp#27;[34m&amp#27;[1m[3]&amp#27;[0m            &amp#27;[34m&amp#27;[1m[6]&amp#27;[0m  &amp#27;[32m&amp#27;[1m[7]&amp#27;[0m✓
                                 ┌───────────────────┴────────────────────────┬───────────────────┐                  ┌─────────┴─────────┐                 │
                                 │                                            │                   │                  │                   │                 │
                        &amp#27;[34m&amp#27;[1m[2, 2]&amp#27;[0m                          &amp#27;[34m&amp#27;[1m[2, 3]&amp#27;[0m  &amp#27;[31m&amp#27;[1m[2]&amp#27;[0m✂ &amp#27;[34m&amp#27;[1m[3, 3]&amp#27;[0m  &amp#27;[31m&amp#27;[1m[3]&amp#27;[0m✂ &amp#27;[31m&amp#27;[1m[6]&amp#27;[0m✂
           ┌─────────────────────┴─┬──────────────────────┐                   └┐                                     └┐
           │                       │                      │                    │                                      │
&amp#27;[34m&amp#27;[1m[2, 2, 2]&amp#27;[0m  &amp#27;[32m&amp#27;[1m[2, 2, 3]&amp#27;[0m✓ &amp#27;[31m&amp#27;[1m[2, 2]&amp#27;[0m✂ &amp#27;[31m&amp#27;[1m[2, 3]&amp#27;[0m✂                   &amp#27;[31m&amp#27;[1m[3, 3]&amp#27;[0m✂
           │
           │
&amp#27;[31m&amp#27;[1m[2, 2, 2]&amp#27;[0m✂

&amp#27;[36m统计信息:&amp#27;[0m
  • 总节点数: &amp#27;[34m&amp#27;[1m17&amp#27;[0m
  • 叶子节点: &amp#27;[32m&amp#27;[1m2&amp#27;[0m
  • 剪枝节点: &amp#27;[31m&amp#27;[1m7&amp#27;[0m
  • 最大深度: &amp#27;[33m&amp#27;[1m4&amp#27;[0m


========== 查找完成 ==========

✓ 测试通过

]]></system-out>
  </testcase>
  <testcase name="testDecisionTreeVisualization" classname="com.muqian.leetcode.backtracking.BacktrackingProblemsTest" time="0.009">
    <system-out><![CDATA[
==================== 测试：决策树可视化 ====================


--- 1. 全排列决策树 ---

========== 开始生成全排列 ==========
输入数组: [&amp#27;[34m&amp#27;[1m1&amp#27;[0m, &amp#27;[34m&amp#27;[1m2&amp#27;[0m]
排列总数: 2 (= 2!)


├─ &amp#27;[33m&amp#27;[1m▶&amp#27;[0m 选择 &amp#27;[34m&amp#27;[1m1&amp#27;[0m → 路径: [1] (已用: [1])
    跳过已使用的 1
  ├─ &amp#27;[33m&amp#27;[1m▶&amp#27;[0m 选择 &amp#27;[34m&amp#27;[1m2&amp#27;[0m → 路径: [1, 2] (已用: [1,2])
    &amp#27;[35m&amp#27;[1m[步骤1]&amp#27;[0m &amp#27;[32m&amp#27;[1m✓&amp#27;[0m 找到排列: &amp#27;[33m&amp#27;[1m[1, 2]&amp#27;[0m
  └─ 回溯，移除 2 并标记为未使用
└─ 回溯，移除 1 并标记为未使用
├─ &amp#27;[33m&amp#27;[1m▶&amp#27;[0m 选择 &amp#27;[34m&amp#27;[1m2&amp#27;[0m → 路径: [2] (已用: [2])
  ├─ &amp#27;[33m&amp#27;[1m▶&amp#27;[0m 选择 &amp#27;[34m&amp#27;[1m1&amp#27;[0m → 路径: [2, 1] (已用: [1,2])
    &amp#27;[35m&amp#27;[1m[步骤2]&amp#27;[0m &amp#27;[32m&amp#27;[1m✓&amp#27;[0m 找到排列: &amp#27;[33m&amp#27;[1m[2, 1]&amp#27;[0m
  └─ 回溯，移除 1 并标记为未使用
    跳过已使用的 2
└─ 回溯，移除 2 并标记为未使用

最终结果（共 2 个排列）：
  [1] [1, 2]
  [2] [2, 1]

&amp#27;[36m&amp#27;[1m╔═══════════════════════════════════════════&amp#27;[0m
&amp#27;[36m&amp#27;[1m║ 全排列决策树 - [&amp#27;[34m&amp#27;[1m1&amp#27;[0m, &amp#27;[34m&amp#27;[1m2&amp#27;[0m]&amp#27;[0m
&amp#27;[36m&amp#27;[1m╚═══════════════════════════════════════════&amp#27;[0m

             &amp#27;[34m&amp#27;[1m[]&amp#27;[0m
          ┌─────────┴──────────┐
          │                    │
  &amp#27;[34m&amp#27;[1m[1]&amp#27;[0m     &amp#27;[34m&amp#27;[1m[2]&amp#27;[0m
          │                    │
          │                    │
&amp#27;[32m&amp#27;[1m[1, 2]&amp#27;[0m✓ &amp#27;[32m&amp#27;[1m[2, 1]&amp#27;[0m✓

&amp#27;[36m统计信息:&amp#27;[0m
  • 总节点数: &amp#27;[34m&amp#27;[1m5&amp#27;[0m
  • 叶子节点: &amp#27;[32m&amp#27;[1m2&amp#27;[0m
  • 剪枝节点: &amp#27;[31m&amp#27;[1m0&amp#27;[0m
  • 最大深度: &amp#27;[33m&amp#27;[1m2&amp#27;[0m


========== 生成完成 ==========


--- 2. 组合总和决策树（含剪枝） ---

========== 开始查找组合总和 ==========
候选数组: [&amp#27;[34m&amp#27;[1m2&amp#27;[0m, &amp#27;[34m&amp#27;[1m3&amp#27;[0m, &amp#27;[34m&amp#27;[1m5&amp#27;[0m]
目标和: &amp#27;[34m&amp#27;[1m8&amp#27;[0m
排序后: [&amp#27;[34m&amp#27;[1m2&amp#27;[0m, &amp#27;[34m&amp#27;[1m3&amp#27;[0m, &amp#27;[34m&amp#27;[1m5&amp#27;[0m]

├─ &amp#27;[33m&amp#27;[1m▶&amp#27;[0m 选择 &amp#27;[34m&amp#27;[1m2&amp#27;[0m → 路径: [2] (和: 2 / 目标: 8)
  ├─ &amp#27;[33m&amp#27;[1m▶&amp#27;[0m 选择 &amp#27;[34m&amp#27;[1m2&amp#27;[0m → 路径: [2, 2] (和: 4 / 目标: 8)
    ├─ &amp#27;[33m&amp#27;[1m▶&amp#27;[0m 选择 &amp#27;[34m&amp#27;[1m2&amp#27;[0m → 路径: [2, 2, 2] (和: 6 / 目标: 8)
      ├─ &amp#27;[33m&amp#27;[1m▶&amp#27;[0m 选择 &amp#27;[34m&amp#27;[1m2&amp#27;[0m → 路径: [2, 2, 2, 2] (和: 8 / 目标: 8)
        &amp#27;[35m&amp#27;[1m[步骤1]&amp#27;[0m &amp#27;[32m&amp#27;[1m✓&amp#27;[0m 找到组合: &amp#27;[33m&amp#27;[1m[2, 2, 2, 2]&amp#27;[0m (和 = 8)
      └─ 回溯，移除 2
      ✂ 剪枝：6 + 3 = 9 > 目标 8, break
    └─ 回溯，移除 2
    ├─ &amp#27;[33m&amp#27;[1m▶&amp#27;[0m 选择 &amp#27;[34m&amp#27;[1m3&amp#27;[0m → 路径: [2, 2, 3] (和: 7 / 目标: 8)
      ✂ 剪枝：7 + 3 = 10 > 目标 8, break
    └─ 回溯，移除 3
    ✂ 剪枝：4 + 5 = 9 > 目标 8, break
  └─ 回溯，移除 2
  ├─ &amp#27;[33m&amp#27;[1m▶&amp#27;[0m 选择 &amp#27;[34m&amp#27;[1m3&amp#27;[0m → 路径: [2, 3] (和: 5 / 目标: 8)
    ├─ &amp#27;[33m&amp#27;[1m▶&amp#27;[0m 选择 &amp#27;[34m&amp#27;[1m3&amp#27;[0m → 路径: [2, 3, 3] (和: 8 / 目标: 8)
      &amp#27;[35m&amp#27;[1m[步骤2]&amp#27;[0m &amp#27;[32m&amp#27;[1m✓&amp#27;[0m 找到组合: &amp#27;[33m&amp#27;[1m[2, 3, 3]&amp#27;[0m (和 = 8)
    └─ 回溯，移除 3
    ✂ 剪枝：5 + 5 = 10 > 目标 8, break
  └─ 回溯，移除 3
  ├─ &amp#27;[33m&amp#27;[1m▶&amp#27;[0m 选择 &amp#27;[34m&amp#27;[1m5&amp#27;[0m → 路径: [2, 5] (和: 7 / 目标: 8)
    ✂ 剪枝：7 + 5 = 12 > 目标 8, break
  └─ 回溯，移除 5
└─ 回溯，移除 2
├─ &amp#27;[33m&amp#27;[1m▶&amp#27;[0m 选择 &amp#27;[34m&amp#27;[1m3&amp#27;[0m → 路径: [3] (和: 3 / 目标: 8)
  ├─ &amp#27;[33m&amp#27;[1m▶&amp#27;[0m 选择 &amp#27;[34m&amp#27;[1m3&amp#27;[0m → 路径: [3, 3] (和: 6 / 目标: 8)
    ✂ 剪枝：6 + 3 = 9 > 目标 8, break
  └─ 回溯，移除 3
  ├─ &amp#27;[33m&amp#27;[1m▶&amp#27;[0m 选择 &amp#27;[34m&amp#27;[1m5&amp#27;[0m → 路径: [3, 5] (和: 8 / 目标: 8)
    &amp#27;[35m&amp#27;[1m[步骤3]&amp#27;[0m &amp#27;[32m&amp#27;[1m✓&amp#27;[0m 找到组合: &amp#27;[33m&amp#27;[1m[3, 5]&amp#27;[0m (和 = 8)
  └─ 回溯，移除 5
└─ 回溯，移除 3
├─ &amp#27;[33m&amp#27;[1m▶&amp#27;[0m 选择 &amp#27;[34m&amp#27;[1m5&amp#27;[0m → 路径: [5] (和: 5 / 目标: 8)
  ✂ 剪枝：5 + 5 = 10 > 目标 8, break
└─ 回溯，移除 5

&amp#27;[36m&amp#27;[1m&amp#27;[0m 统计信息:
  总步骤数: 3
  剪枝次数: &amp#27;[32m&amp#27;[1m7&amp#27;[0m
  组合总数: 3

最终结果（共 3 个组合）：
  [1] [2, 2, 2, 2]
  [2] [2, 3, 3]
  [3] [3, 5]

&amp#27;[36m&amp#27;[1m╔═══════════════════════════════════════════&amp#27;[0m
&amp#27;[36m&amp#27;[1m║ 组合总和决策树 - [&amp#27;[34m&amp#27;[1m2&amp#27;[0m, &amp#27;[34m&amp#27;[1m3&amp#27;[0m, &amp#27;[34m&amp#27;[1m5&amp#27;[0m] → 目标: 8&amp#27;[0m
&amp#27;[36m&amp#27;[1m╚═══════════════════════════════════════════&amp#27;[0m

                                                                                                       &amp#27;[34m&amp#27;[1m[]&amp#27;[0m
                                                                                ┌─────────────────────────────┴───────────────────────────────────────────────────────────────────────┬─────────────────────────────┐
                                                                                │                                                                                                     │                             │
                                                                        &amp#27;[34m&amp#27;[1m[2]&amp#27;[0m                                                                                      &amp#27;[34m&amp#27;[1m[3]&amp#27;[0m              &amp#27;[34m&amp#27;[1m[5]&amp#27;[0m
                                               ┌────────────────────────────────┴────────────────────────────────────┬────────────────────────────────┐                    ┌──────────┴──────────┐                  │
                                               │                                                                     │                                │                    │                     │                  │
                                      &amp#27;[34m&amp#27;[1m[2, 2]&amp#27;[0m                                                   &amp#27;[34m&amp#27;[1m[2, 3]&amp#27;[0m              &amp#27;[34m&amp#27;[1m[2, 5]&amp#27;[0m  &amp#27;[34m&amp#27;[1m[3, 3]&amp#27;[0m  &amp#27;[32m&amp#27;[1m[3, 5]&amp#27;[0m✓ &amp#27;[31m&amp#27;[1m[5]&amp#27;[0m✂
                         ┌─────────────────────┴──────────────┬──────────────────────┐                     ┌─────────┴────────────┐                   └┐                   └┐
                         │                                    │                      │                     │                      │                    │                    │
              &amp#27;[34m&amp#27;[1m[2, 2, 2]&amp#27;[0m               &amp#27;[34m&amp#27;[1m[2, 2, 3]&amp#27;[0m  &amp#27;[31m&amp#27;[1m[2, 2]&amp#27;[0m✂ &amp#27;[32m&amp#27;[1m[2, 3, 3]&amp#27;[0m✓ &amp#27;[31m&amp#27;[1m[2, 3]&amp#27;[0m✂ &amp#27;[31m&amp#27;[1m[2, 5]&amp#27;[0m✂ &amp#27;[31m&amp#27;[1m[3, 3]&amp#27;[0m✂
             ┌───────────┴────────────┐                       │
             │                        │                       │
&amp#27;[32m&amp#27;[1m[2, 2, 2, 2]&amp#27;[0m✓ &amp#27;[31m&amp#27;[1m[2, 2, 2]&amp#27;[0m✂ &amp#27;[31m&amp#27;[1m[2, 2, 3]&amp#27;[0m✂

&amp#27;[36m统计信息:&amp#27;[0m
  • 总节点数: &amp#27;[34m&amp#27;[1m20&amp#27;[0m
  • 叶子节点: &amp#27;[32m&amp#27;[1m3&amp#27;[0m
  • 剪枝节点: &amp#27;[31m&amp#27;[1m7&amp#27;[0m
  • 最大深度: &amp#27;[33m&amp#27;[1m4&amp#27;[0m


========== 查找完成 ==========


--- 3. 子集决策树 ---

========== 开始生成所有子集 ==========
输入数组: [&amp#27;[34m&amp#27;[1m1&amp#27;[0m, &amp#27;[34m&amp#27;[1m2&amp#27;[0m]


╔═══ 决策树节点 (深度:&amp#27;[36m0&amp#27;[0m) ═══
║ 当前路径: &amp#27;[33m&amp#27;[1m[]&amp#27;[0m
║ 可选元素: &amp#27;[36m[1, 2]&amp#27;[0m
╚═══
&amp#27;[35m&amp#27;[1m[步骤1]&amp#27;[0m &amp#27;[32m&amp#27;[1m✓&amp#27;[0m 收集子集: &amp#27;[33m&amp#27;[1m[]&amp#27;[0m
├─ &amp#27;[33m&amp#27;[1m▶&amp#27;[0m 选择 &amp#27;[34m&amp#27;[1m1&amp#27;[0m → 进入子树
  ╔═══ 决策树节点 (深度:&amp#27;[36m1&amp#27;[0m) ═══
  ║ 当前路径: &amp#27;[33m&amp#27;[1m[1]&amp#27;[0m
  ║ 可选元素: &amp#27;[36m[2]&amp#27;[0m
  ╚═══
  &amp#27;[35m&amp#27;[1m[步骤2]&amp#27;[0m &amp#27;[32m&amp#27;[1m✓&amp#27;[0m 收集子集: &amp#27;[33m&amp#27;[1m[1]&amp#27;[0m
  ├─ &amp#27;[33m&amp#27;[1m▶&amp#27;[0m 选择 &amp#27;[34m&amp#27;[1m2&amp#27;[0m → 进入子树
    ╔═══ 决策树节点 (深度:&amp#27;[36m2&amp#27;[0m) ═══
    ║ 当前路径: &amp#27;[33m&amp#27;[1m[1, 2]&amp#27;[0m
    ║ 可选元素: &amp#27;[36m[]&amp#27;[0m
    ╚═══
    &amp#27;[35m&amp#27;[1m[步骤3]&amp#27;[0m &amp#27;[32m&amp#27;[1m✓&amp#27;[0m 收集子集: &amp#27;[33m&amp#27;[1m[1, 2]&amp#27;[0m
  └─ &amp#27;[33m&amp#27;[1m◀&amp#27;[0m 回溯，移除 2
└─ &amp#27;[33m&amp#27;[1m◀&amp#27;[0m 回溯，移除 1
├─ &amp#27;[33m&amp#27;[1m▶&amp#27;[0m 选择 &amp#27;[34m&amp#27;[1m2&amp#27;[0m → 进入子树
  ╔═══ 决策树节点 (深度:&amp#27;[36m1&amp#27;[0m) ═══
  ║ 当前路径: &amp#27;[33m&amp#27;[1m[2]&amp#27;[0m
  ║ 可选元素: &amp#27;[36m[]&amp#27;[0m
  ╚═══
  &amp#27;[35m&amp#27;[1m[步骤4]&amp#27;[0m &amp#27;[32m&amp#27;[1m✓&amp#27;[0m 收集子集: &amp#27;[33m&amp#27;[1m[2]&amp#27;[0m
└─ &amp#27;[33m&amp#27;[1m◀&amp#27;[0m 回溯，移除 2

最终结果（共 4 个子集）：
  [1] []
  [2] [1]
  [3] [1, 2]
  [4] [2]

&amp#27;[36m&amp#27;[1m╔═══════════════════════════════════════════&amp#27;[0m
&amp#27;[36m&amp#27;[1m║ 子集决策树 - [&amp#27;[34m&amp#27;[1m1&amp#27;[0m, &amp#27;[34m&amp#27;[1m2&amp#27;[0m]&amp#27;[0m
&amp#27;[36m&amp#27;[1m╚═══════════════════════════════════════════&amp#27;[0m

           &amp#27;[32m&amp#27;[1m[]&amp#27;[0m✓
         ┌─────────┴─────────┐
         │                   │
 &amp#27;[32m&amp#27;[1m[1]&amp#27;[0m✓   &amp#27;[32m&amp#27;[1m[2]&amp#27;[0m✓
         └┐
          │
&amp#27;[32m&amp#27;[1m[1, 2]&amp#27;[0m✓

&amp#27;[36m统计信息:&amp#27;[0m
  • 总节点数: &amp#27;[34m&amp#27;[1m4&amp#27;[0m
  • 叶子节点: &amp#27;[32m&amp#27;[1m4&amp#27;[0m
  • 剪枝节点: &amp#27;[31m&amp#27;[1m0&amp#27;[0m
  • 最大深度: &amp#27;[33m&amp#27;[1m2&amp#27;[0m


========== 生成完成 ==========

✓ 决策树可视化测试通过

]]></system-out>
  </testcase>
  <testcase name="testGenerateParentheses" classname="com.muqian.leetcode.backtracking.BacktrackingProblemsTest" time="0.006">
    <system-out><![CDATA[
==================== 测试：括号生成 ====================


========== 开始生成括号组合 ==========
括号对数 n = &amp#27;[34m&amp#27;[1m3&amp#27;[0m


├─ &amp#27;[33m&amp#27;[1m▶&amp#27;[0m 添加 &amp#27;[34m&amp#27;[1m(&amp#27;[0m → 路径: "(" (左:1, 右:0)
  ├─ &amp#27;[33m&amp#27;[1m▶&amp#27;[0m 添加 &amp#27;[34m&amp#27;[1m(&amp#27;[0m → 路径: "((" (左:2, 右:0)
    ├─ &amp#27;[33m&amp#27;[1m▶&amp#27;[0m 添加 &amp#27;[34m&amp#27;[1m(&amp#27;[0m → 路径: "(((" (左:3, 右:0)
      ├─ &amp#27;[33m&amp#27;[1m▶&amp#27;[0m 添加 &amp#27;[34m&amp#27;[1m)&amp#27;[0m → 路径: "((()" (左:3, 右:1)
        ├─ &amp#27;[33m&amp#27;[1m▶&amp#27;[0m 添加 &amp#27;[34m&amp#27;[1m)&amp#27;[0m → 路径: "((())" (左:3, 右:2)
          ├─ &amp#27;[33m&amp#27;[1m▶&amp#27;[0m 添加 &amp#27;[34m&amp#27;[1m)&amp#27;[0m → 路径: "((()))" (左:3, 右:3)
            &amp#27;[35m&amp#27;[1m[步骤1]&amp#27;[0m &amp#27;[32m&amp#27;[1m✓&amp#27;[0m 找到有效组合: &amp#27;[33m&amp#27;[1m"((()))"&amp#27;[0m
          └─ 回溯，移除 )
        └─ 回溯，移除 )
      └─ 回溯，移除 )
    └─ 回溯，移除 (
    ├─ &amp#27;[33m&amp#27;[1m▶&amp#27;[0m 添加 &amp#27;[34m&amp#27;[1m)&amp#27;[0m → 路径: "(()" (左:2, 右:1)
      ├─ &amp#27;[33m&amp#27;[1m▶&amp#27;[0m 添加 &amp#27;[34m&amp#27;[1m(&amp#27;[0m → 路径: "(()(" (左:3, 右:1)
        ├─ &amp#27;[33m&amp#27;[1m▶&amp#27;[0m 添加 &amp#27;[34m&amp#27;[1m)&amp#27;[0m → 路径: "(()()" (左:3, 右:2)
          ├─ &amp#27;[33m&amp#27;[1m▶&amp#27;[0m 添加 &amp#27;[34m&amp#27;[1m)&amp#27;[0m → 路径: "(()())" (左:3, 右:3)
            &amp#27;[35m&amp#27;[1m[步骤2]&amp#27;[0m &amp#27;[32m&amp#27;[1m✓&amp#27;[0m 找到有效组合: &amp#27;[33m&amp#27;[1m"(()())"&amp#27;[0m
          └─ 回溯，移除 )
        └─ 回溯，移除 )
      └─ 回溯，移除 (
      ├─ &amp#27;[33m&amp#27;[1m▶&amp#27;[0m 添加 &amp#27;[34m&amp#27;[1m)&amp#27;[0m → 路径: "(())" (左:2, 右:2)
        ├─ &amp#27;[33m&amp#27;[1m▶&amp#27;[0m 添加 &amp#27;[34m&amp#27;[1m(&amp#27;[0m → 路径: "(())(" (左:3, 右:2)
          ├─ &amp#27;[33m&amp#27;[1m▶&amp#27;[0m 添加 &amp#27;[34m&amp#27;[1m)&amp#27;[0m → 路径: "(())()" (左:3, 右:3)
            &amp#27;[35m&amp#27;[1m[步骤3]&amp#27;[0m &amp#27;[32m&amp#27;[1m✓&amp#27;[0m 找到有效组合: &amp#27;[33m&amp#27;[1m"(())()"&amp#27;[0m
          └─ 回溯，移除 )
        └─ 回溯，移除 (
      └─ 回溯，移除 )
    └─ 回溯，移除 )
  └─ 回溯，移除 (
  ├─ &amp#27;[33m&amp#27;[1m▶&amp#27;[0m 添加 &amp#27;[34m&amp#27;[1m)&amp#27;[0m → 路径: "()" (左:1, 右:1)
    ├─ &amp#27;[33m&amp#27;[1m▶&amp#27;[0m 添加 &amp#27;[34m&amp#27;[1m(&amp#27;[0m → 路径: "()(" (左:2, 右:1)
      ├─ &amp#27;[33m&amp#27;[1m▶&amp#27;[0m 添加 &amp#27;[34m&amp#27;[1m(&amp#27;[0m → 路径: "()((" (左:3, 右:1)
        ├─ &amp#27;[33m&amp#27;[1m▶&amp#27;[0m 添加 &amp#27;[34m&amp#27;[1m)&amp#27;[0m → 路径: "()(()" (左:3, 右:2)
          ├─ &amp#27;[33m&amp#27;[1m▶&amp#27;[0m 添加 &amp#27;[34m&amp#27;[1m)&amp#27;[0m → 路径: "()(())" (左:3, 右:3)
            &amp#27;[35m&amp#27;[1m[步骤4]&amp#27;[0m &amp#27;[32m&amp#27;[1m✓&amp#27;[0m 找到有效组合: &amp#27;[33m&amp#27;[1m"()(())"&amp#27;[0m
          └─ 回溯，移除 )
        └─ 回溯，移除 )
      └─ 回溯，移除 (
      ├─ &amp#27;[33m&amp#27;[1m▶&amp#27;[0m 添加 &amp#27;[34m&amp#27;[1m)&amp#27;[0m → 路径: "()()" (左:2, 右:2)
        ├─ &amp#27;[33m&amp#27;[1m▶&amp#27;[0m 添加 &amp#27;[34m&amp#27;[1m(&amp#27;[0m → 路径: "()()(" (左:3, 右:2)
          ├─ &amp#27;[33m&amp#27;[1m▶&amp#27;[0m 添加 &amp#27;[34m&amp#27;[1m)&amp#27;[0m → 路径: "()()()" (左:3, 右:3)
            &amp#27;[35m&amp#27;[1m[步骤5]&amp#27;[0m &amp#27;[32m&amp#27;[1m✓&amp#27;[0m 找到有效组合: &amp#27;[33m&amp#27;[1m"()()()"&amp#27;[0m
          └─ 回溯，移除 )
        └─ 回溯，移除 (
      └─ 回溯，移除 )
    └─ 回溯，移除 (
  └─ 回溯，移除 )
└─ 回溯，移除 (

&amp#27;[36m&amp#27;[1m&amp#27;[0m 统计信息:
  总步骤数: 5
  剪枝次数: &amp#27;[32m&amp#27;[1m0&amp#27;[0m
  有效组合数: 5

最终结果（共 5 个有效组合）：
  [1] "((()))"
  [2] "(()())"
  [3] "(())()"
  [4] "()(())"
  [5] "()()()"

========== 生成完成 ==========

✓ 测试通过

]]></system-out>
  </testcase>
  <testcase name="testLetterCombinations" classname="com.muqian.leetcode.backtracking.BacktrackingProblemsTest" time="0.003">
    <system-out><![CDATA[
==================== 测试：电话号码的字母组合 ====================


========== 开始生成字母组合 ==========
输入数字: &amp#27;[33m&amp#27;[1m"23"&amp#27;[0m

数字映射：
  &amp#27;[34m&amp#27;[1m2&amp#27;[0m → &amp#27;[36mabc&amp#27;[0m
  &amp#27;[34m&amp#27;[1m3&amp#27;[0m → &amp#27;[36mdef&amp#27;[0m


处理数字 &amp#27;[34m&amp#27;[1m2&amp#27;[0m → 可选字母: &amp#27;[36mabc&amp#27;[0m
├─ &amp#27;[33m&amp#27;[1m▶&amp#27;[0m 选择字母 &amp#27;[34m&amp#27;[1ma&amp#27;[0m → 当前路径: "a"
  处理数字 &amp#27;[34m&amp#27;[1m3&amp#27;[0m → 可选字母: &amp#27;[36mdef&amp#27;[0m
  ├─ &amp#27;[33m&amp#27;[1m▶&amp#27;[0m 选择字母 &amp#27;[34m&amp#27;[1md&amp#27;[0m → 当前路径: "ad"
    &amp#27;[35m&amp#27;[1m[步骤1]&amp#27;[0m &amp#27;[32m&amp#27;[1m✓&amp#27;[0m 找到组合: &amp#27;[33m&amp#27;[1m"ad"&amp#27;[0m
  └─ 回溯，移除字母 d
  ├─ &amp#27;[33m&amp#27;[1m▶&amp#27;[0m 选择字母 &amp#27;[34m&amp#27;[1me&amp#27;[0m → 当前路径: "ae"
    &amp#27;[35m&amp#27;[1m[步骤2]&amp#27;[0m &amp#27;[32m&amp#27;[1m✓&amp#27;[0m 找到组合: &amp#27;[33m&amp#27;[1m"ae"&amp#27;[0m
  └─ 回溯，移除字母 e
  ├─ &amp#27;[33m&amp#27;[1m▶&amp#27;[0m 选择字母 &amp#27;[34m&amp#27;[1mf&amp#27;[0m → 当前路径: "af"
    &amp#27;[35m&amp#27;[1m[步骤3]&amp#27;[0m &amp#27;[32m&amp#27;[1m✓&amp#27;[0m 找到组合: &amp#27;[33m&amp#27;[1m"af"&amp#27;[0m
  └─ 回溯，移除字母 f
└─ 回溯，移除字母 a
├─ &amp#27;[33m&amp#27;[1m▶&amp#27;[0m 选择字母 &amp#27;[34m&amp#27;[1mb&amp#27;[0m → 当前路径: "b"
  处理数字 &amp#27;[34m&amp#27;[1m3&amp#27;[0m → 可选字母: &amp#27;[36mdef&amp#27;[0m
  ├─ &amp#27;[33m&amp#27;[1m▶&amp#27;[0m 选择字母 &amp#27;[34m&amp#27;[1md&amp#27;[0m → 当前路径: "bd"
    &amp#27;[35m&amp#27;[1m[步骤4]&amp#27;[0m &amp#27;[32m&amp#27;[1m✓&amp#27;[0m 找到组合: &amp#27;[33m&amp#27;[1m"bd"&amp#27;[0m
  └─ 回溯，移除字母 d
  ├─ &amp#27;[33m&amp#27;[1m▶&amp#27;[0m 选择字母 &amp#27;[34m&amp#27;[1me&amp#27;[0m → 当前路径: "be"
    &amp#27;[35m&amp#27;[1m[步骤5]&amp#27;[0m &amp#27;[32m&amp#27;[1m✓&amp#27;[0m 找到组合: &amp#27;[33m&amp#27;[1m"be"&amp#27;[0m
  └─ 回溯，移除字母 e
  ├─ &amp#27;[33m&amp#27;[1m▶&amp#27;[0m 选择字母 &amp#27;[34m&amp#27;[1mf&amp#27;[0m → 当前路径: "bf"
    &amp#27;[35m&amp#27;[1m[步骤6]&amp#27;[0m &amp#27;[32m&amp#27;[1m✓&amp#27;[0m 找到组合: &amp#27;[33m&amp#27;[1m"bf"&amp#27;[0m
  └─ 回溯，移除字母 f
└─ 回溯，移除字母 b
├─ &amp#27;[33m&amp#27;[1m▶&amp#27;[0m 选择字母 &amp#27;[34m&amp#27;[1mc&amp#27;[0m → 当前路径: "c"
  处理数字 &amp#27;[34m&amp#27;[1m3&amp#27;[0m → 可选字母: &amp#27;[36mdef&amp#27;[0m
  ├─ &amp#27;[33m&amp#27;[1m▶&amp#27;[0m 选择字母 &amp#27;[34m&amp#27;[1md&amp#27;[0m → 当前路径: "cd"
    &amp#27;[35m&amp#27;[1m[步骤7]&amp#27;[0m &amp#27;[32m&amp#27;[1m✓&amp#27;[0m 找到组合: &amp#27;[33m&amp#27;[1m"cd"&amp#27;[0m
  └─ 回溯，移除字母 d
  ├─ &amp#27;[33m&amp#27;[1m▶&amp#27;[0m 选择字母 &amp#27;[34m&amp#27;[1me&amp#27;[0m → 当前路径: "ce"
    &amp#27;[35m&amp#27;[1m[步骤8]&amp#27;[0m &amp#27;[32m&amp#27;[1m✓&amp#27;[0m 找到组合: &amp#27;[33m&amp#27;[1m"ce"&amp#27;[0m
  └─ 回溯，移除字母 e
  ├─ &amp#27;[33m&amp#27;[1m▶&amp#27;[0m 选择字母 &amp#27;[34m&amp#27;[1mf&amp#27;[0m → 当前路径: "cf"
    &amp#27;[35m&amp#27;[1m[步骤9]&amp#27;[0m &amp#27;[32m&amp#27;[1m✓&amp#27;[0m 找到组合: &amp#27;[33m&amp#27;[1m"cf"&amp#27;[0m
  └─ 回溯，移除字母 f
└─ 回溯，移除字母 c

最终结果（共 9 个组合）：

  "ad"  "ae"  "af"  "bd"  "be"  "bf"  "cd"  "ce"  "cf"

========== 生成完成 ==========

✓ 测试通过

]]></system-out>
  </testcase>
  <testcase name="testLetterCombinationsEmpty" classname="com.muqian.leetcode.backtracking.BacktrackingProblemsTest" time="0.0">
    <system-out><![CDATA[
==================== 测试：电话号码（空输入） ====================


========== 开始生成字母组合 ==========
输入数字: &amp#27;[33m&amp#27;[1m""&amp#27;[0m
输入为空，返回空列表

========== 生成完成 ==========

✓ 测试通过

]]></system-out>
  </testcase>
  <testcase name="testSubsetsII" classname="com.muqian.leetcode.backtracking.BacktrackingProblemsTest" time="0.003">
    <system-out><![CDATA[
==================== 测试：子集II（去重） ====================


========== 开始生成所有子集（含去重） ==========
输入数组: [&amp#27;[34m&amp#27;[1m1&amp#27;[0m, &amp#27;[34m&amp#27;[1m2&amp#27;[0m, &amp#27;[34m&amp#27;[1m2&amp#27;[0m]
排序后: [&amp#27;[34m&amp#27;[1m1&amp#27;[0m, &amp#27;[34m&amp#27;[1m2&amp#27;[0m, &amp#27;[34m&amp#27;[1m2&amp#27;[0m]

╔═══ 决策树节点 (深度:&amp#27;[36m0&amp#27;[0m) ═══
║ 当前路径: &amp#27;[33m&amp#27;[1m[]&amp#27;[0m
║ 可选元素: &amp#27;[36m[1, 2, 2]&amp#27;[0m
╚═══
&amp#27;[35m&amp#27;[1m[步骤1]&amp#27;[0m &amp#27;[32m&amp#27;[1m✓&amp#27;[0m 收集子集: &amp#27;[33m&amp#27;[1m[]&amp#27;[0m
├─ &amp#27;[33m&amp#27;[1m▶&amp#27;[0m 选择 &amp#27;[34m&amp#27;[1m1&amp#27;[0m → 进入子树
  ╔═══ 决策树节点 (深度:&amp#27;[36m1&amp#27;[0m) ═══
  ║ 当前路径: &amp#27;[33m&amp#27;[1m[1]&amp#27;[0m
  ║ 可选元素: &amp#27;[36m[2, 2]&amp#27;[0m
  ╚═══
  &amp#27;[35m&amp#27;[1m[步骤2]&amp#27;[0m &amp#27;[32m&amp#27;[1m✓&amp#27;[0m 收集子集: &amp#27;[33m&amp#27;[1m[1]&amp#27;[0m
  ├─ &amp#27;[33m&amp#27;[1m▶&amp#27;[0m 选择 &amp#27;[34m&amp#27;[1m2&amp#27;[0m → 进入子树
    ╔═══ 决策树节点 (深度:&amp#27;[36m2&amp#27;[0m) ═══
    ║ 当前路径: &amp#27;[33m&amp#27;[1m[1, 2]&amp#27;[0m
    ║ 可选元素: &amp#27;[36m[2]&amp#27;[0m
    ╚═══
    &amp#27;[35m&amp#27;[1m[步骤3]&amp#27;[0m &amp#27;[32m&amp#27;[1m✓&amp#27;[0m 收集子集: &amp#27;[33m&amp#27;[1m[1, 2]&amp#27;[0m
    ├─ &amp#27;[33m&amp#27;[1m▶&amp#27;[0m 选择 &amp#27;[34m&amp#27;[1m2&amp#27;[0m → 进入子树
      ╔═══ 决策树节点 (深度:&amp#27;[36m3&amp#27;[0m) ═══
      ║ 当前路径: &amp#27;[33m&amp#27;[1m[1, 2, 2]&amp#27;[0m
      ║ 可选元素: &amp#27;[36m[]&amp#27;[0m
      ╚═══
      &amp#27;[35m&amp#27;[1m[步骤4]&amp#27;[0m &amp#27;[32m&amp#27;[1m✓&amp#27;[0m 收集子集: &amp#27;[33m&amp#27;[1m[1, 2, 2]&amp#27;[0m
    └─ &amp#27;[33m&amp#27;[1m◀&amp#27;[0m 回溯，移除 2
  └─ &amp#27;[33m&amp#27;[1m◀&amp#27;[0m 回溯，移除 2
  ├─ &amp#27;[31m&amp#27;[1m✗&amp#27;[0m 跳过重复元素 2 (同层去重: nums[2] == nums[1])
└─ &amp#27;[33m&amp#27;[1m◀&amp#27;[0m 回溯，移除 1
├─ &amp#27;[33m&amp#27;[1m▶&amp#27;[0m 选择 &amp#27;[34m&amp#27;[1m2&amp#27;[0m → 进入子树
  ╔═══ 决策树节点 (深度:&amp#27;[36m1&amp#27;[0m) ═══
  ║ 当前路径: &amp#27;[33m&amp#27;[1m[2]&amp#27;[0m
  ║ 可选元素: &amp#27;[36m[2]&amp#27;[0m
  ╚═══
  &amp#27;[35m&amp#27;[1m[步骤5]&amp#27;[0m &amp#27;[32m&amp#27;[1m✓&amp#27;[0m 收集子集: &amp#27;[33m&amp#27;[1m[2]&amp#27;[0m
  ├─ &amp#27;[33m&amp#27;[1m▶&amp#27;[0m 选择 &amp#27;[34m&amp#27;[1m2&amp#27;[0m → 进入子树
    ╔═══ 决策树节点 (深度:&amp#27;[36m2&amp#27;[0m) ═══
    ║ 当前路径: &amp#27;[33m&amp#27;[1m[2, 2]&amp#27;[0m
    ║ 可选元素: &amp#27;[36m[]&amp#27;[0m
    ╚═══
    &amp#27;[35m&amp#27;[1m[步骤6]&amp#27;[0m &amp#27;[32m&amp#27;[1m✓&amp#27;[0m 收集子集: &amp#27;[33m&amp#27;[1m[2, 2]&amp#27;[0m
  └─ &amp#27;[33m&amp#27;[1m◀&amp#27;[0m 回溯，移除 2
└─ &amp#27;[33m&amp#27;[1m◀&amp#27;[0m 回溯，移除 2
├─ &amp#27;[31m&amp#27;[1m✗&amp#27;[0m 跳过重复元素 2 (同层去重: nums[2] == nums[1])

&amp#27;[36m&amp#27;[1m&amp#27;[0m 统计信息:
  收集子集数: 6
  跳过重复数: &amp#27;[32m&amp#27;[1m2&amp#27;[0m

最终结果（共 6 个子集）：
  [1] []
  [2] [1]
  [3] [1, 2]
  [4] [1, 2, 2]
  [5] [2]
  [6] [2, 2]

========== 生成完成 ==========

✓ 测试通过

]]></system-out>
  </testcase>
  <testcase name="testPermutationsII" classname="com.muqian.leetcode.backtracking.BacktrackingProblemsTest" time="0.002">
    <system-out><![CDATA[
==================== 测试：全排列II（去重） ====================


========== 开始生成全排列（含去重） ==========
输入数组: [&amp#27;[34m&amp#27;[1m1&amp#27;[0m, &amp#27;[34m&amp#27;[1m1&amp#27;[0m, &amp#27;[34m&amp#27;[1m2&amp#27;[0m]
排序后: [&amp#27;[34m&amp#27;[1m1&amp#27;[0m, &amp#27;[34m&amp#27;[1m1&amp#27;[0m, &amp#27;[34m&amp#27;[1m2&amp#27;[0m]

╔═══ 决策树节点 (深度:&amp#27;[36m0&amp#27;[0m) ═══
║ 当前路径: &amp#27;[33m&amp#27;[1m[]&amp#27;[0m (长度:0)
║ 已使用: &amp#27;[36m[]&amp#27;[0m
╚═══
├─ &amp#27;[33m&amp#27;[1m▶&amp#27;[0m 选择 &amp#27;[34m&amp#27;[1m1&amp#27;[0m → 进入子树
  ╔═══ 决策树节点 (深度:&amp#27;[36m1&amp#27;[0m) ═══
  ║ 当前路径: &amp#27;[33m&amp#27;[1m[1]&amp#27;[0m (长度:1)
  ║ 已使用: &amp#27;[36m[1]&amp#27;[0m
  ╚═══
  ├─ &amp#27;[33m&amp#27;[1m▶&amp#27;[0m 选择 &amp#27;[34m&amp#27;[1m1&amp#27;[0m → 进入子树
    ╔═══ 决策树节点 (深度:&amp#27;[36m2&amp#27;[0m) ═══
    ║ 当前路径: &amp#27;[33m&amp#27;[1m[1, 1]&amp#27;[0m (长度:2)
    ║ 已使用: &amp#27;[36m[1,1]&amp#27;[0m
    ╚═══
    ├─ &amp#27;[33m&amp#27;[1m▶&amp#27;[0m 选择 &amp#27;[34m&amp#27;[1m2&amp#27;[0m → 进入子树
      &amp#27;[35m&amp#27;[1m[步骤1]&amp#27;[0m &amp#27;[32m&amp#27;[1m✓&amp#27;[0m 找到排列: &amp#27;[33m&amp#27;[1m[1, 1, 2]&amp#27;[0m
    └─ &amp#27;[33m&amp#27;[1m◀&amp#27;[0m 回溯，移除 2 并标记未使用
  └─ &amp#27;[33m&amp#27;[1m◀&amp#27;[0m 回溯，移除 1 并标记未使用
  ├─ &amp#27;[33m&amp#27;[1m▶&amp#27;[0m 选择 &amp#27;[34m&amp#27;[1m2&amp#27;[0m → 进入子树
    ╔═══ 决策树节点 (深度:&amp#27;[36m2&amp#27;[0m) ═══
    ║ 当前路径: &amp#27;[33m&amp#27;[1m[1, 2]&amp#27;[0m (长度:2)
    ║ 已使用: &amp#27;[36m[1,2]&amp#27;[0m
    ╚═══
    ├─ &amp#27;[33m&amp#27;[1m▶&amp#27;[0m 选择 &amp#27;[34m&amp#27;[1m1&amp#27;[0m → 进入子树
      &amp#27;[35m&amp#27;[1m[步骤2]&amp#27;[0m &amp#27;[32m&amp#27;[1m✓&amp#27;[0m 找到排列: &amp#27;[33m&amp#27;[1m[1, 2, 1]&amp#27;[0m
    └─ &amp#27;[33m&amp#27;[1m◀&amp#27;[0m 回溯，移除 1 并标记未使用
  └─ &amp#27;[33m&amp#27;[1m◀&amp#27;[0m 回溯，移除 2 并标记未使用
└─ &amp#27;[33m&amp#27;[1m◀&amp#27;[0m 回溯，移除 1 并标记未使用
├─ &amp#27;[31m&amp#27;[1m✗&amp#27;[0m 跳过重复 1 (同层: nums[1]==nums[0] && !used[0])
├─ &amp#27;[33m&amp#27;[1m▶&amp#27;[0m 选择 &amp#27;[34m&amp#27;[1m2&amp#27;[0m → 进入子树
  ╔═══ 决策树节点 (深度:&amp#27;[36m1&amp#27;[0m) ═══
  ║ 当前路径: &amp#27;[33m&amp#27;[1m[2]&amp#27;[0m (长度:1)
  ║ 已使用: &amp#27;[36m[2]&amp#27;[0m
  ╚═══
  ├─ &amp#27;[33m&amp#27;[1m▶&amp#27;[0m 选择 &amp#27;[34m&amp#27;[1m1&amp#27;[0m → 进入子树
    ╔═══ 决策树节点 (深度:&amp#27;[36m2&amp#27;[0m) ═══
    ║ 当前路径: &amp#27;[33m&amp#27;[1m[2, 1]&amp#27;[0m (长度:2)
    ║ 已使用: &amp#27;[36m[1,2]&amp#27;[0m
    ╚═══
    ├─ &amp#27;[33m&amp#27;[1m▶&amp#27;[0m 选择 &amp#27;[34m&amp#27;[1m1&amp#27;[0m → 进入子树
      &amp#27;[35m&amp#27;[1m[步骤3]&amp#27;[0m &amp#27;[32m&amp#27;[1m✓&amp#27;[0m 找到排列: &amp#27;[33m&amp#27;[1m[2, 1, 1]&amp#27;[0m
    └─ &amp#27;[33m&amp#27;[1m◀&amp#27;[0m 回溯，移除 1 并标记未使用
  └─ &amp#27;[33m&amp#27;[1m◀&amp#27;[0m 回溯，移除 1 并标记未使用
  ├─ &amp#27;[31m&amp#27;[1m✗&amp#27;[0m 跳过重复 1 (同层: nums[1]==nums[0] && !used[0])
└─ &amp#27;[33m&amp#27;[1m◀&amp#27;[0m 回溯，移除 2 并标记未使用

&amp#27;[36m&amp#27;[1m&amp#27;[0m 统计信息:
  找到排列数: 3
  跳过重复数: &amp#27;[32m&amp#27;[1m2&amp#27;[0m

最终结果（共 3 个排列）：
  [1] [1, 1, 2]
  [2] [1, 2, 1]
  [3] [2, 1, 1]

========== 生成完成 ==========

✓ 测试通过

]]></system-out>
  </testcase>
  <testcase name="testPermutations" classname="com.muqian.leetcode.backtracking.BacktrackingProblemsTest" time="0.002">
    <system-out><![CDATA[
==================== 测试：全排列 ====================


========== 开始生成全排列 ==========
输入数组: [&amp#27;[34m&amp#27;[1m1&amp#27;[0m, &amp#27;[34m&amp#27;[1m2&amp#27;[0m, &amp#27;[34m&amp#27;[1m3&amp#27;[0m]
排列总数: 6 (= 3!)


├─ &amp#27;[33m&amp#27;[1m▶&amp#27;[0m 选择 &amp#27;[34m&amp#27;[1m1&amp#27;[0m → 路径: [1] (已用: [1])
    跳过已使用的 1
  ├─ &amp#27;[33m&amp#27;[1m▶&amp#27;[0m 选择 &amp#27;[34m&amp#27;[1m2&amp#27;[0m → 路径: [1, 2] (已用: [1,2])
      跳过已使用的 1
      跳过已使用的 2
    ├─ &amp#27;[33m&amp#27;[1m▶&amp#27;[0m 选择 &amp#27;[34m&amp#27;[1m3&amp#27;[0m → 路径: [1, 2, 3] (已用: [1,2,3])
      &amp#27;[35m&amp#27;[1m[步骤1]&amp#27;[0m &amp#27;[32m&amp#27;[1m✓&amp#27;[0m 找到排列: &amp#27;[33m&amp#27;[1m[1, 2, 3]&amp#27;[0m
    └─ 回溯，移除 3 并标记为未使用
  └─ 回溯，移除 2 并标记为未使用
  ├─ &amp#27;[33m&amp#27;[1m▶&amp#27;[0m 选择 &amp#27;[34m&amp#27;[1m3&amp#27;[0m → 路径: [1, 3] (已用: [1,3])
      跳过已使用的 1
    ├─ &amp#27;[33m&amp#27;[1m▶&amp#27;[0m 选择 &amp#27;[34m&amp#27;[1m2&amp#27;[0m → 路径: [1, 3, 2] (已用: [1,2,3])
      &amp#27;[35m&amp#27;[1m[步骤2]&amp#27;[0m &amp#27;[32m&amp#27;[1m✓&amp#27;[0m 找到排列: &amp#27;[33m&amp#27;[1m[1, 3, 2]&amp#27;[0m
    └─ 回溯，移除 2 并标记为未使用
      跳过已使用的 3
  └─ 回溯，移除 3 并标记为未使用
└─ 回溯，移除 1 并标记为未使用
├─ &amp#27;[33m&amp#27;[1m▶&amp#27;[0m 选择 &amp#27;[34m&amp#27;[1m2&amp#27;[0m → 路径: [2] (已用: [2])
  ├─ &amp#27;[33m&amp#27;[1m▶&amp#27;[0m 选择 &amp#27;[34m&amp#27;[1m1&amp#27;[0m → 路径: [2, 1] (已用: [1,2])
      跳过已使用的 1
      跳过已使用的 2
    ├─ &amp#27;[33m&amp#27;[1m▶&amp#27;[0m 选择 &amp#27;[34m&amp#27;[1m3&amp#27;[0m → 路径: [2, 1, 3] (已用: [1,2,3])
      &amp#27;[35m&amp#27;[1m[步骤3]&amp#27;[0m &amp#27;[32m&amp#27;[1m✓&amp#27;[0m 找到排列: &amp#27;[33m&amp#27;[1m[2, 1, 3]&amp#27;[0m
    └─ 回溯，移除 3 并标记为未使用
  └─ 回溯，移除 1 并标记为未使用
    跳过已使用的 2
  ├─ &amp#27;[33m&amp#27;[1m▶&amp#27;[0m 选择 &amp#27;[34m&amp#27;[1m3&amp#27;[0m → 路径: [2, 3] (已用: [2,3])
    ├─ &amp#27;[33m&amp#27;[1m▶&amp#27;[0m 选择 &amp#27;[34m&amp#27;[1m1&amp#27;[0m → 路径: [2, 3, 1] (已用: [1,2,3])
      &amp#27;[35m&amp#27;[1m[步骤4]&amp#27;[0m &amp#27;[32m&amp#27;[1m✓&amp#27;[0m 找到排列: &amp#27;[33m&amp#27;[1m[2, 3, 1]&amp#27;[0m
    └─ 回溯，移除 1 并标记为未使用
      跳过已使用的 2
      跳过已使用的 3
  └─ 回溯，移除 3 并标记为未使用
└─ 回溯，移除 2 并标记为未使用
├─ &amp#27;[33m&amp#27;[1m▶&amp#27;[0m 选择 &amp#27;[34m&amp#27;[1m3&amp#27;[0m → 路径: [3] (已用: [3])
  ├─ &amp#27;[33m&amp#27;[1m▶&amp#27;[0m 选择 &amp#27;[34m&amp#27;[1m1&amp#27;[0m → 路径: [3, 1] (已用: [1,3])
      跳过已使用的 1
    ├─ &amp#27;[33m&amp#27;[1m▶&amp#27;[0m 选择 &amp#27;[34m&amp#27;[1m2&amp#27;[0m → 路径: [3, 1, 2] (已用: [1,2,3])
      &amp#27;[35m&amp#27;[1m[步骤5]&amp#27;[0m &amp#27;[32m&amp#27;[1m✓&amp#27;[0m 找到排列: &amp#27;[33m&amp#27;[1m[3, 1, 2]&amp#27;[0m
    └─ 回溯，移除 2 并标记为未使用
      跳过已使用的 3
  └─ 回溯，移除 1 并标记为未使用
  ├─ &amp#27;[33m&amp#27;[1m▶&amp#27;[0m 选择 &amp#27;[34m&amp#27;[1m2&amp#27;[0m → 路径: [3, 2] (已用: [2,3])
    ├─ &amp#27;[33m&amp#27;[1m▶&amp#27;[0m 选择 &amp#27;[34m&amp#27;[1m1&amp#27;[0m → 路径: [3, 2, 1] (已用: [1,2,3])
      &amp#27;[35m&amp#27;[1m[步骤6]&amp#27;[0m &amp#27;[32m&amp#27;[1m✓&amp#27;[0m 找到排列: &amp#27;[33m&amp#27;[1m[3, 2, 1]&amp#27;[0m
    └─ 回溯，移除 1 并标记为未使用
      跳过已使用的 2
      跳过已使用的 3
  └─ 回溯，移除 2 并标记为未使用
    跳过已使用的 3
└─ 回溯，移除 3 并标记为未使用

最终结果（共 6 个排列）：
  [1] [1, 2, 3]
  [2] [1, 3, 2]
  [3] [2, 1, 3]
  [4] [2, 3, 1]
  [5] [3, 1, 2]
  [6] [3, 2, 1]

&amp#27;[36m&amp#27;[1m╔═══════════════════════════════════════════&amp#27;[0m
&amp#27;[36m&amp#27;[1m║ 全排列决策树 - [&amp#27;[34m&amp#27;[1m1&amp#27;[0m, &amp#27;[34m&amp#27;[1m2&amp#27;[0m, &amp#27;[34m&amp#27;[1m3&amp#27;[0m]&amp#27;[0m
&amp#27;[36m&amp#27;[1m╚═══════════════════════════════════════════&amp#27;[0m

                                                                &amp#27;[34m&amp#27;[1m[]&amp#27;[0m
                       ┌───────────────────────────────────────────────┼───────────────────────────────────────────────┐
                       │                                               │                                               │
               &amp#27;[34m&amp#27;[1m[1]&amp#27;[0m                                &amp#27;[34m&amp#27;[1m[2]&amp#27;[0m                                &amp#27;[34m&amp#27;[1m[3]&amp#27;[0m
           ┌───────────┴───────────┐                       ┌───────────┴───────────┐                       ┌───────────┴───────────┐
           │                       │                       │                       │                       │                       │
  &amp#27;[34m&amp#27;[1m[1, 2]&amp#27;[0m     &amp#27;[34m&amp#27;[1m[1, 3]&amp#27;[0m     &amp#27;[34m&amp#27;[1m[2, 1]&amp#27;[0m     &amp#27;[34m&amp#27;[1m[2, 3]&amp#27;[0m     &amp#27;[34m&amp#27;[1m[3, 1]&amp#27;[0m     &amp#27;[34m&amp#27;[1m[3, 2]&amp#27;[0m
           │                       │                       │                       │                       │                       │
           │                       │                       │                       │                       │                       │
&amp#27;[32m&amp#27;[1m[1, 2, 3]&amp#27;[0m✓ &amp#27;[32m&amp#27;[1m[1, 3, 2]&amp#27;[0m✓ &amp#27;[32m&amp#27;[1m[2, 1, 3]&amp#27;[0m✓ &amp#27;[32m&amp#27;[1m[2, 3, 1]&amp#27;[0m✓ &amp#27;[32m&amp#27;[1m[3, 1, 2]&amp#27;[0m✓ &amp#27;[32m&amp#27;[1m[3, 2, 1]&amp#27;[0m✓

&amp#27;[36m统计信息:&amp#27;[0m
  • 总节点数: &amp#27;[34m&amp#27;[1m16&amp#27;[0m
  • 叶子节点: &amp#27;[32m&amp#27;[1m6&amp#27;[0m
  • 剪枝节点: &amp#27;[31m&amp#27;[1m0&amp#27;[0m
  • 最大深度: &amp#27;[33m&amp#27;[1m3&amp#27;[0m


========== 生成完成 ==========

✓ 测试通过

]]></system-out>
  </testcase>
  <testcase name="testSubsets" classname="com.muqian.leetcode.backtracking.BacktrackingProblemsTest" time="0.001">
    <system-out><![CDATA[
==================== 测试：子集 ====================


========== 开始生成所有子集 ==========
输入数组: [&amp#27;[34m&amp#27;[1m1&amp#27;[0m, &amp#27;[34m&amp#27;[1m2&amp#27;[0m, &amp#27;[34m&amp#27;[1m3&amp#27;[0m]


╔═══ 决策树节点 (深度:&amp#27;[36m0&amp#27;[0m) ═══
║ 当前路径: &amp#27;[33m&amp#27;[1m[]&amp#27;[0m
║ 可选元素: &amp#27;[36m[1, 2, 3]&amp#27;[0m
╚═══
&amp#27;[35m&amp#27;[1m[步骤1]&amp#27;[0m &amp#27;[32m&amp#27;[1m✓&amp#27;[0m 收集子集: &amp#27;[33m&amp#27;[1m[]&amp#27;[0m
├─ &amp#27;[33m&amp#27;[1m▶&amp#27;[0m 选择 &amp#27;[34m&amp#27;[1m1&amp#27;[0m → 进入子树
  ╔═══ 决策树节点 (深度:&amp#27;[36m1&amp#27;[0m) ═══
  ║ 当前路径: &amp#27;[33m&amp#27;[1m[1]&amp#27;[0m
  ║ 可选元素: &amp#27;[36m[2, 3]&amp#27;[0m
  ╚═══
  &amp#27;[35m&amp#27;[1m[步骤2]&amp#27;[0m &amp#27;[32m&amp#27;[1m✓&amp#27;[0m 收集子集: &amp#27;[33m&amp#27;[1m[1]&amp#27;[0m
  ├─ &amp#27;[33m&amp#27;[1m▶&amp#27;[0m 选择 &amp#27;[34m&amp#27;[1m2&amp#27;[0m → 进入子树
    ╔═══ 决策树节点 (深度:&amp#27;[36m2&amp#27;[0m) ═══
    ║ 当前路径: &amp#27;[33m&amp#27;[1m[1, 2]&amp#27;[0m
    ║ 可选元素: &amp#27;[36m[3]&amp#27;[0m
    ╚═══
    &amp#27;[35m&amp#27;[1m[步骤3]&amp#27;[0m &amp#27;[32m&amp#27;[1m✓&amp#27;[0m 收集子集: &amp#27;[33m&amp#27;[1m[1, 2]&amp#27;[0m
    ├─ &amp#27;[33m&amp#27;[1m▶&amp#27;[0m 选择 &amp#27;[34m&amp#27;[1m3&amp#27;[0m → 进入子树
      ╔═══ 决策树节点 (深度:&amp#27;[36m3&amp#27;[0m) ═══
      ║ 当前路径: &amp#27;[33m&amp#27;[1m[1, 2, 3]&amp#27;[0m
      ║ 可选元素: &amp#27;[36m[]&amp#27;[0m
      ╚═══
      &amp#27;[35m&amp#27;[1m[步骤4]&amp#27;[0m &amp#27;[32m&amp#27;[1m✓&amp#27;[0m 收集子集: &amp#27;[33m&amp#27;[1m[1, 2, 3]&amp#27;[0m
    └─ &amp#27;[33m&amp#27;[1m◀&amp#27;[0m 回溯，移除 3
  └─ &amp#27;[33m&amp#27;[1m◀&amp#27;[0m 回溯，移除 2
  ├─ &amp#27;[33m&amp#27;[1m▶&amp#27;[0m 选择 &amp#27;[34m&amp#27;[1m3&amp#27;[0m → 进入子树
    ╔═══ 决策树节点 (深度:&amp#27;[36m2&amp#27;[0m) ═══
    ║ 当前路径: &amp#27;[33m&amp#27;[1m[1, 3]&amp#27;[0m
    ║ 可选元素: &amp#27;[36m[]&amp#27;[0m
    ╚═══
    &amp#27;[35m&amp#27;[1m[步骤5]&amp#27;[0m &amp#27;[32m&amp#27;[1m✓&amp#27;[0m 收集子集: &amp#27;[33m&amp#27;[1m[1, 3]&amp#27;[0m
  └─ &amp#27;[33m&amp#27;[1m◀&amp#27;[0m 回溯，移除 3
└─ &amp#27;[33m&amp#27;[1m◀&amp#27;[0m 回溯，移除 1
├─ &amp#27;[33m&amp#27;[1m▶&amp#27;[0m 选择 &amp#27;[34m&amp#27;[1m2&amp#27;[0m → 进入子树
  ╔═══ 决策树节点 (深度:&amp#27;[36m1&amp#27;[0m) ═══
  ║ 当前路径: &amp#27;[33m&amp#27;[1m[2]&amp#27;[0m
  ║ 可选元素: &amp#27;[36m[3]&amp#27;[0m
  ╚═══
  &amp#27;[35m&amp#27;[1m[步骤6]&amp#27;[0m &amp#27;[32m&amp#27;[1m✓&amp#27;[0m 收集子集: &amp#27;[33m&amp#27;[1m[2]&amp#27;[0m
  ├─ &amp#27;[33m&amp#27;[1m▶&amp#27;[0m 选择 &amp#27;[34m&amp#27;[1m3&amp#27;[0m → 进入子树
    ╔═══ 决策树节点 (深度:&amp#27;[36m2&amp#27;[0m) ═══
    ║ 当前路径: &amp#27;[33m&amp#27;[1m[2, 3]&amp#27;[0m
    ║ 可选元素: &amp#27;[36m[]&amp#27;[0m
    ╚═══
    &amp#27;[35m&amp#27;[1m[步骤7]&amp#27;[0m &amp#27;[32m&amp#27;[1m✓&amp#27;[0m 收集子集: &amp#27;[33m&amp#27;[1m[2, 3]&amp#27;[0m
  └─ &amp#27;[33m&amp#27;[1m◀&amp#27;[0m 回溯，移除 3
└─ &amp#27;[33m&amp#27;[1m◀&amp#27;[0m 回溯，移除 2
├─ &amp#27;[33m&amp#27;[1m▶&amp#27;[0m 选择 &amp#27;[34m&amp#27;[1m3&amp#27;[0m → 进入子树
  ╔═══ 决策树节点 (深度:&amp#27;[36m1&amp#27;[0m) ═══
  ║ 当前路径: &amp#27;[33m&amp#27;[1m[3]&amp#27;[0m
  ║ 可选元素: &amp#27;[36m[]&amp#27;[0m
  ╚═══
  &amp#27;[35m&amp#27;[1m[步骤8]&amp#27;[0m &amp#27;[32m&amp#27;[1m✓&amp#27;[0m 收集子集: &amp#27;[33m&amp#27;[1m[3]&amp#27;[0m
└─ &amp#27;[33m&amp#27;[1m◀&amp#27;[0m 回溯，移除 3

最终结果（共 8 个子集）：
  [1] []
  [2] [1]
  [3] [1, 2]
  [4] [1, 2, 3]
  [5] [1, 3]
  [6] [2]
  [7] [2, 3]
  [8] [3]

&amp#27;[36m&amp#27;[1m╔═══════════════════════════════════════════&amp#27;[0m
&amp#27;[36m&amp#27;[1m║ 子集决策树 - [&amp#27;[34m&amp#27;[1m1&amp#27;[0m, &amp#27;[34m&amp#27;[1m2&amp#27;[0m, &amp#27;[34m&amp#27;[1m3&amp#27;[0m]&amp#27;[0m
&amp#27;[36m&amp#27;[1m╚═══════════════════════════════════════════&amp#27;[0m

                                 &amp#27;[32m&amp#27;[1m[]&amp#27;[0m✓
                     ┌───────────────────┴────────────┬───────────────────┐
                     │                                │                   │
             &amp#27;[32m&amp#27;[1m[1]&amp#27;[0m✓                &amp#27;[32m&amp#27;[1m[2]&amp#27;[0m✓   &amp#27;[32m&amp#27;[1m[3]&amp#27;[0m✓
           ┌─────────┴────────────┐                   └┐
           │                      │                    │
 &amp#27;[32m&amp#27;[1m[1, 2]&amp#27;[0m✓   &amp#27;[32m&amp#27;[1m[1, 3]&amp#27;[0m✓ &amp#27;[32m&amp#27;[1m[2, 3]&amp#27;[0m✓
           │
           │
&amp#27;[32m&amp#27;[1m[1, 2, 3]&amp#27;[0m✓

&amp#27;[36m统计信息:&amp#27;[0m
  • 总节点数: &amp#27;[34m&amp#27;[1m8&amp#27;[0m
  • 叶子节点: &amp#27;[32m&amp#27;[1m8&amp#27;[0m
  • 剪枝节点: &amp#27;[31m&amp#27;[1m0&amp#27;[0m
  • 最大深度: &amp#27;[33m&amp#27;[1m3&amp#27;[0m


========== 生成完成 ==========

✓ 测试通过

]]></system-out>
  </testcase>
</testsuite>